Please update your PyTorchVideo to latest master
video_ids_file  datasets/video_ids_db0.csv
{'Dashboard_User_id_24026_NoAudio_3.24026.69.86.MP4': ['2', 'datasets/0/Dashboard_User_id_24026_NoAudio_3.24026.69.86.MP4'], 'Dashboard_User_id_24026_NoAudio_4.24026.84.101.MP4': ['3', 'datasets/0/Dashboard_User_id_24026_NoAudio_4.24026.84.101.MP4'], 'Dashboard_User_id_38058_NoAudio_0.38508.390.409.MP4': ['6', 'datasets/0/Dashboard_User_id_38058_NoAudio_0.38508.390.409.MP4'], 'Dashboard_User_id_38058_NoAudio_1.38508.394.411.MP4': ['7', 'datasets/0/Dashboard_User_id_38058_NoAudio_1.38508.394.411.MP4'], 'Dashboard_user_id_24491_NoAudio_1.24491.303.318.MP4': ['1', 'datasets/0/Dashboard_user_id_24491_NoAudio_1.24491.303.318.MP4'], 'Dashboard_user_id_35133_NoAudio_0.35133.103.121.MP4': ['4', 'datasets/0/Dashboard_user_id_35133_NoAudio_0.35133.103.121.MP4'], 'Dashboard_user_id_35133_NoAudio_2.35133.41.58.MP4': ['5', 'datasets/0/Dashboard_user_id_35133_NoAudio_2.35133.41.58.MP4'], 'Dashboard_user_id_49381_NoAudio_0.49381.98.120.MP4': ['8', 'datasets/0/Dashboard_user_id_49381_NoAudio_0.49381.98.120.MP4'], 'Dashboard_user_id_49381_NoAudio_1.49381.107.129.MP4': ['9', 'datasets/0/Dashboard_user_id_49381_NoAudio_1.49381.107.129.MP4']}
path_to_checkpoint checkpoint_submit/checkpoint_epoch_dashboard_10018_85.71_98.76.pyth
load model x3d_l
epoch_reset False
cfg checkpoint_submit/checkpoint_epoch_dashboard_10018_85.71_98.76.pyth
path_to_checkpoint checkpoint_submit/checkpoint_epoch_dashboard_20018_73.75_97.50.pyth
load model x3d_l
epoch_reset False
cfg checkpoint_submit/checkpoint_epoch_dashboard_20018_73.75_97.50.pyth
path_to_checkpoint checkpoint_submit/checkpoint_epoch_dashboard_30014_78.12_95.62.pyth
load model x3d_l
epoch_reset False
cfg checkpoint_submit/checkpoint_epoch_dashboard_30014_78.12_95.62.pyth
path_to_checkpoint checkpoint_submit/checkpoint_epoch_dashboard_40017_81.88_99.38.pyth
load model x3d_l
epoch_reset False
cfg checkpoint_submit/checkpoint_epoch_dashboard_40017_81.88_99.38.pyth
path_to_checkpoint checkpoint_submit/checkpoint_epoch_dashboard_50012_83.33_97.02.pyth
load model x3d_l
epoch_reset False
cfg checkpoint_submit/checkpoint_epoch_dashboard_50012_83.33_97.02.pyth
datasets/0/Dashboard_User_id_24026_NoAudio_3.24026.69.86.MP4
fps: 30
8 4
datasets/0/Dashboard_User_id_24026_NoAudio_4.24026.84.101.MP4
fps: 30
8 4
datasets/0/Dashboard_User_id_38058_NoAudio_0.38508.390.409.MP4
fps: 30
8 4
datasets/0/Dashboard_User_id_38058_NoAudio_1.38508.394.411.MP4
fps: 30
8 4
datasets/0/Dashboard_user_id_24491_NoAudio_1.24491.303.318.MP4
fps: 30
8 4
datasets/0/Dashboard_user_id_35133_NoAudio_0.35133.103.121.MP4
fps: 30
8 4
datasets/0/Dashboard_user_id_35133_NoAudio_2.35133.41.58.MP4
fps: 30
8 4
datasets/0/Dashboard_user_id_49381_NoAudio_0.49381.98.120.MP4
fps: 30
8 4
datasets/0/Dashboard_user_id_49381_NoAudio_1.49381.107.129.MP4
fps: 30
8 4
 vid_info:  ['2', 'datasets/0/Dashboard_User_id_24026_NoAudio_3.24026.69.86.MP4']
action_idx [12 15 15  4  4 15  8  0  0  0  0  8  8  8]
threshold: 0.31488866
activities_idx [15, 4, 4, 0]
start [1, 3, 4, 10]
end [2, 4, 5, 11]
 vid_info:  ['3', 'datasets/0/Dashboard_User_id_24026_NoAudio_4.24026.84.101.MP4']
action_idx [12  0  0  0  0  0  0  8  8  0  8  0  0 12  0]
threshold: 0.37131396
activities_idx [0, 0, 0, 0, 0, 0]
start [3, 5, 6, 9, 11, 12]
end [4, 6, 7, 10, 12, 13]
 vid_info:  ['6', 'datasets/0/Dashboard_User_id_38058_NoAudio_0.38508.390.409.MP4']
action_idx [15  0  0  0  0  0  0  0  0  0  0  0  0  0  0]
threshold: 0.5620476
activities_idx [15, 0, 0, 0, 0, 0, 0, 0]
start [0, 3, 9, 10, 11, 12, 13, 14]
end [1, 4, 10, 11, 12, 13, 14, 15]
 vid_info:  ['7', 'datasets/0/Dashboard_User_id_38058_NoAudio_1.38508.394.411.MP4']
action_idx [ 0  8  8  8  8  0  8  8  8  8  8  8  0  0  7 15]
threshold: 0.31642523
activities_idx [0, 8, 8, 8, 8, 8, 0, 15]
start [0, 4, 6, 7, 10, 11, 12, 15]
end [1, 5, 7, 8, 11, 12, 13, 16]
 vid_info:  ['1', 'datasets/0/Dashboard_user_id_24491_NoAudio_1.24491.303.318.MP4']
action_idx [ 8  0  7 15 15 15  8  7  7  0  0 15  0  7  7]
threshold: 0.32187217
activities_idx [15, 15, 0, 0, 7, 7]
start [4, 5, 9, 12, 13, 14]
end [5, 6, 10, 13, 14, 15]
 vid_info:  ['4', 'datasets/0/Dashboard_user_id_35133_NoAudio_0.35133.103.121.MP4']
action_idx [ 0  0  0  8  0  0  8  8  0  0  0  0  8 13  4  4  4]
threshold: 0.37407163
activities_idx [0, 4, 4, 4]
start [2, 14, 15, 16]
end [3, 15, 16, 17]
 vid_info:  ['5', 'datasets/0/Dashboard_user_id_35133_NoAudio_2.35133.41.58.MP4']
action_idx [ 4  4  4  4  4  6 15 15  4 12 12 12 12  8  8]
threshold: 0.4126846
activities_idx [4, 4, 4, 4, 4, 12]
start [0, 1, 2, 3, 4, 12]
end [1, 2, 3, 4, 5, 13]
 vid_info:  ['8', 'datasets/0/Dashboard_user_id_49381_NoAudio_0.49381.98.120.MP4']
action_idx [13  2 13  8  0  8  8  8  8  8  8  8  8  8  8  8  8  8  8  8]
threshold: 0.36300176
activities_idx [13, 8, 8, 8, 8, 8, 8, 8, 8, 8]
start [2, 8, 10, 12, 13, 14, 15, 16, 18, 19]
end [3, 9, 11, 13, 14, 15, 16, 17, 19, 20]
 vid_info:  ['9', 'datasets/0/Dashboard_user_id_49381_NoAudio_1.49381.107.129.MP4']
action_idx [ 8  8  8  8 11 11  8  7  7 10  7  7 12  8  8  0  8  2  2  0]
threshold: 0.40497074
activities_idx [8, 8, 8, 11, 7, 7, 7, 7, 0]
start [1, 2, 3, 5, 7, 8, 10, 11, 19]
end [2, 3, 4, 6, 8, 9, 11, 12, 20]
Summarization  datasets/video_ids_db0.csv [15, 4, 4, 0, 0, 0, 0, 0, 0, 0, 15, 0, 0, 0, 0, 0, 0, 0, 0, 8, 8, 8, 8, 8, 0, 15, 15, 15, 0, 0, 7, 7, 0, 4, 4, 4, 4, 4, 4, 4, 4, 12, 13, 8, 8, 8, 8, 8, 8, 8, 8, 8, 8, 8, 8, 11, 7, 7, 7, 7, 0]
video_ids_file  datasets/video_ids_db1.csv
{'Dashboard_User_id_24026_NoAudio_3.24026.130.147.MP4': ['3', 'datasets/1/Dashboard_User_id_24026_NoAudio_3.24026.130.147.MP4'], 'Dashboard_User_id_24026_NoAudio_4.24026.145.162.MP4': ['4', 'datasets/1/Dashboard_User_id_24026_NoAudio_4.24026.145.162.MP4'], 'Dashboard_User_id_38058_NoAudio_0.38508.70.99.MP4': ['7', 'datasets/1/Dashboard_User_id_38058_NoAudio_0.38508.70.99.MP4'], 'Dashboard_User_id_38058_NoAudio_1.38508.83.101.MP4': ['8', 'datasets/1/Dashboard_User_id_38058_NoAudio_1.38508.83.101.MP4'], 'Dashboard_user_id_24491_NoAudio_0.24491.480.500.MP4': ['1', 'datasets/1/Dashboard_user_id_24491_NoAudio_0.24491.480.500.MP4'], 'Dashboard_user_id_24491_NoAudio_1.24491.386.399.MP4': ['2', 'datasets/1/Dashboard_user_id_24491_NoAudio_1.24491.386.399.MP4'], 'Dashboard_user_id_35133_NoAudio_0.35133.130.148.MP4': ['5', 'datasets/1/Dashboard_user_id_35133_NoAudio_0.35133.130.148.MP4'], 'Dashboard_user_id_35133_NoAudio_2.35133.67.84.MP4': ['6', 'datasets/1/Dashboard_user_id_35133_NoAudio_2.35133.67.84.MP4'], 'Dashboard_user_id_49381_NoAudio_0.49381.42.62.MP4': ['9', 'datasets/1/Dashboard_user_id_49381_NoAudio_0.49381.42.62.MP4'], 'Dashboard_user_id_49381_NoAudio_1.49381.49.69.MP4': ['10', 'datasets/1/Dashboard_user_id_49381_NoAudio_1.49381.49.69.MP4']}
path_to_checkpoint checkpoint_submit/checkpoint_epoch_dashboard_10018_85.71_98.76.pyth
load model x3d_l
epoch_reset False
cfg checkpoint_submit/checkpoint_epoch_dashboard_10018_85.71_98.76.pyth
path_to_checkpoint checkpoint_submit/checkpoint_epoch_dashboard_20018_73.75_97.50.pyth
load model x3d_l
epoch_reset False
cfg checkpoint_submit/checkpoint_epoch_dashboard_20018_73.75_97.50.pyth
path_to_checkpoint checkpoint_submit/checkpoint_epoch_dashboard_30014_78.12_95.62.pyth
load model x3d_l
epoch_reset False
cfg checkpoint_submit/checkpoint_epoch_dashboard_30014_78.12_95.62.pyth
path_to_checkpoint checkpoint_submit/checkpoint_epoch_dashboard_40017_81.88_99.38.pyth
load model x3d_l
epoch_reset False
cfg checkpoint_submit/checkpoint_epoch_dashboard_40017_81.88_99.38.pyth
path_to_checkpoint checkpoint_submit/checkpoint_epoch_dashboard_50012_83.33_97.02.pyth
load model x3d_l
epoch_reset False
cfg checkpoint_submit/checkpoint_epoch_dashboard_50012_83.33_97.02.pyth
datasets/1/Dashboard_User_id_24026_NoAudio_3.24026.130.147.MP4
fps: 30
8 4
datasets/1/Dashboard_User_id_24026_NoAudio_4.24026.145.162.MP4
fps: 30
8 4
datasets/1/Dashboard_User_id_38058_NoAudio_0.38508.70.99.MP4
fps: 30
8 4
datasets/1/Dashboard_User_id_38058_NoAudio_1.38508.83.101.MP4
fps: 30
8 4
datasets/1/Dashboard_user_id_24491_NoAudio_0.24491.480.500.MP4
fps: 30
8 4
datasets/1/Dashboard_user_id_24491_NoAudio_1.24491.386.399.MP4
fps: 30
8 4
datasets/1/Dashboard_user_id_35133_NoAudio_0.35133.130.148.MP4
fps: 30
8 4
datasets/1/Dashboard_user_id_35133_NoAudio_2.35133.67.84.MP4
fps: 30
8 4
datasets/1/Dashboard_user_id_49381_NoAudio_0.49381.42.62.MP4
fps: 30
8 4
datasets/1/Dashboard_user_id_49381_NoAudio_1.49381.49.69.MP4
fps: 30
8 4
 vid_info:  ['3', 'datasets/1/Dashboard_User_id_24026_NoAudio_3.24026.130.147.MP4']
action_idx [4 1 1 1 1 1 1 1 1 1 1 7 1 1 1 1 1 1]
threshold: 0.38878092
activities_idx [1, 1, 1, 1, 1, 1, 1]
start [1, 2, 3, 5, 6, 9, 12]
end [2, 3, 4, 6, 7, 10, 13]
 vid_info:  ['4', 'datasets/1/Dashboard_User_id_24026_NoAudio_4.24026.145.162.MP4']
action_idx [1 1 1 1 1 1 1 9 1 8 7 7]
threshold: 0.54006356
activities_idx [1, 1, 1, 1, 1]
start [1, 2, 3, 4, 5]
end [2, 3, 4, 5, 6]
 vid_info:  ['7', 'datasets/1/Dashboard_User_id_38058_NoAudio_0.38508.70.99.MP4']
action_idx [1 1 1 1 1 1 1 1 1 1 1 1 1 1 1]
threshold: 0.7495477
activities_idx [1, 1, 1, 1, 1, 1]
start [0, 1, 2, 3, 8, 12]
end [1, 2, 3, 4, 9, 13]
 vid_info:  ['8', 'datasets/1/Dashboard_User_id_38058_NoAudio_1.38508.83.101.MP4']
action_idx [12  1  1  1  1  1  1  1  1  1  1  1  1  1  1]
threshold: 0.8246479
activities_idx [1, 1, 1, 1, 1, 1, 1, 1]
start [1, 2, 3, 9, 10, 11, 12, 14]
end [2, 3, 4, 10, 11, 12, 13, 15]
 vid_info:  ['1', 'datasets/1/Dashboard_user_id_24491_NoAudio_0.24491.480.500.MP4']
action_idx [1 1 1 1 8 1 1 1 7 1 1 1 1 8 8 0]
threshold: 0.7265793
activities_idx [1, 1, 1, 1, 1, 1, 1, 1, 1]
start [0, 1, 2, 3, 5, 6, 9, 10, 11]
end [1, 2, 3, 4, 6, 7, 10, 11, 12]
 vid_info:  ['2', 'datasets/1/Dashboard_user_id_24491_NoAudio_1.24491.386.399.MP4']
action_idx [ 1  1  1  1  1  1  1  1  1  1  1 12  8  1  1]
threshold: 0.821145
activities_idx [1, 1, 1, 1, 1, 1, 1, 1, 1, 1, 1]
start [0, 1, 2, 3, 5, 6, 7, 8, 10, 13, 14]
end [1, 2, 3, 4, 6, 7, 8, 9, 11, 14, 15]
 vid_info:  ['5', 'datasets/1/Dashboard_user_id_35133_NoAudio_0.35133.130.148.MP4']
action_idx [ 1  1 13 13 13  5 13 13  0  0  0  0  0  0  0  0  0  0  0  0 13 13 13  4
  4  4  4]
threshold: 0.36414376
activities_idx [1, 1, 0, 4, 4, 4, 4]
start [0, 1, 12, 23, 24, 25, 26]
end [1, 2, 13, 24, 25, 26, 27]
 vid_info:  ['6', 'datasets/1/Dashboard_user_id_35133_NoAudio_2.35133.67.84.MP4']
action_idx [15  1  1 13 13  4  1  1  1  1  1  1  1  1 12  7]
threshold: 0.5668864
activities_idx [1, 4, 1, 1, 1, 1, 1]
start [2, 5, 6, 7, 8, 9, 10]
end [3, 6, 7, 8, 9, 10, 11]
 vid_info:  ['9', 'datasets/1/Dashboard_user_id_49381_NoAudio_0.49381.42.62.MP4']
action_idx [ 2  1  1  1  6  1  1  7  1 12  5  2  2  1  1  1  1  2]
threshold: 0.39925563
activities_idx [1, 1, 1, 1, 2, 1, 1]
start [1, 2, 5, 6, 12, 13, 14]
end [2, 3, 6, 7, 13, 14, 15]
 vid_info:  ['10', 'datasets/1/Dashboard_user_id_49381_NoAudio_1.49381.49.69.MP4']
action_idx [ 7  7  1  7  2  5  1  1  1  1 13  1  1  1  1  8  8  0]
threshold: 0.3868284
activities_idx [7, 7, 1, 1, 1, 1, 1]
start [0, 1, 2, 6, 7, 12, 13]
end [1, 2, 3, 7, 8, 13, 14]
Summarization  datasets/video_ids_db1.csv [1, 1, 1, 1, 1, 1, 1, 1, 1, 1, 1, 1, 1, 1, 1, 1, 1, 1, 1, 1, 1, 1, 1, 1, 1, 1, 1, 1, 1, 1, 1, 1, 1, 1, 1, 1, 1, 1, 1, 1, 1, 1, 1, 1, 1, 1, 1, 1, 0, 4, 4, 4, 4, 1, 4, 1, 1, 1, 1, 1, 1, 1, 1, 1, 2, 1, 1, 7, 7, 1, 1, 1, 1, 1]
video_ids_file  datasets/video_ids_db2.csv
{'Dashboard_User_id_24026_NoAudio_3.24026.189.204.MP4': ['3', 'datasets/2/Dashboard_User_id_24026_NoAudio_3.24026.189.204.MP4'], 'Dashboard_User_id_24026_NoAudio_4.24026.204.219.MP4': ['4', 'datasets/2/Dashboard_User_id_24026_NoAudio_4.24026.204.219.MP4'], 'Dashboard_User_id_38058_NoAudio_0.38508.477.502.MP4': ['7', 'datasets/2/Dashboard_User_id_38058_NoAudio_0.38508.477.502.MP4'], 'Dashboard_User_id_38058_NoAudio_1.38508.499.524.MP4': ['8', 'datasets/2/Dashboard_User_id_38058_NoAudio_1.38508.499.524.MP4'], 'Dashboard_user_id_24491_NoAudio_0.24491.171.208.MP4': ['1', 'datasets/2/Dashboard_user_id_24491_NoAudio_0.24491.171.208.MP4'], 'Dashboard_user_id_24491_NoAudio_1.24491.74.105.MP4': ['2', 'datasets/2/Dashboard_user_id_24491_NoAudio_1.24491.74.105.MP4'], 'Dashboard_user_id_35133_NoAudio_0.35133.157.175.MP4': ['5', 'datasets/2/Dashboard_user_id_35133_NoAudio_0.35133.157.175.MP4'], 'Dashboard_user_id_35133_NoAudio_2.35133.94.112.MP4': ['6', 'datasets/2/Dashboard_user_id_35133_NoAudio_2.35133.94.112.MP4'], 'Dashboard_user_id_49381_NoAudio_0.49381.504.526.MP4': ['9', 'datasets/2/Dashboard_user_id_49381_NoAudio_0.49381.504.526.MP4'], 'Dashboard_user_id_49381_NoAudio_1.49381.513.535.MP4': ['10', 'datasets/2/Dashboard_user_id_49381_NoAudio_1.49381.513.535.MP4']}
path_to_checkpoint checkpoint_submit/checkpoint_epoch_dashboard_10018_85.71_98.76.pyth
load model x3d_l
epoch_reset False
cfg checkpoint_submit/checkpoint_epoch_dashboard_10018_85.71_98.76.pyth
path_to_checkpoint checkpoint_submit/checkpoint_epoch_dashboard_20018_73.75_97.50.pyth
load model x3d_l
epoch_reset False
cfg checkpoint_submit/checkpoint_epoch_dashboard_20018_73.75_97.50.pyth
path_to_checkpoint checkpoint_submit/checkpoint_epoch_dashboard_30014_78.12_95.62.pyth
load model x3d_l
epoch_reset False
cfg checkpoint_submit/checkpoint_epoch_dashboard_30014_78.12_95.62.pyth
path_to_checkpoint checkpoint_submit/checkpoint_epoch_dashboard_40017_81.88_99.38.pyth
load model x3d_l
epoch_reset False
cfg checkpoint_submit/checkpoint_epoch_dashboard_40017_81.88_99.38.pyth
path_to_checkpoint checkpoint_submit/checkpoint_epoch_dashboard_50012_83.33_97.02.pyth
load model x3d_l
epoch_reset False
cfg checkpoint_submit/checkpoint_epoch_dashboard_50012_83.33_97.02.pyth
datasets/2/Dashboard_User_id_24026_NoAudio_3.24026.189.204.MP4
fps: 30
8 4
datasets/2/Dashboard_User_id_24026_NoAudio_4.24026.204.219.MP4
fps: 30
8 4
datasets/2/Dashboard_User_id_38058_NoAudio_0.38508.477.502.MP4
fps: 30
8 4
datasets/2/Dashboard_User_id_38058_NoAudio_1.38508.499.524.MP4
fps: 30
8 4
datasets/2/Dashboard_user_id_24491_NoAudio_0.24491.171.208.MP4
fps: 30
8 4
datasets/2/Dashboard_user_id_24491_NoAudio_1.24491.74.105.MP4
fps: 30
8 4
datasets/2/Dashboard_user_id_35133_NoAudio_0.35133.157.175.MP4
fps: 30
8 4
datasets/2/Dashboard_user_id_35133_NoAudio_2.35133.94.112.MP4
fps: 30
8 4
datasets/2/Dashboard_user_id_49381_NoAudio_0.49381.504.526.MP4
fps: 30
8 4
datasets/2/Dashboard_user_id_49381_NoAudio_1.49381.513.535.MP4
fps: 30
8 4
 vid_info:  ['3', 'datasets/2/Dashboard_User_id_24026_NoAudio_3.24026.189.204.MP4']
action_idx [2 2 2 2 2 2 2 2 2 2 2 2 2 2 2 2 2 2 2 2 2 2 2 2 2 2 2 2 2 2 2 2 2 2]
threshold: 0.95543927
activities_idx [2, 2, 2, 2, 2, 2, 2, 2, 2, 2, 2, 2, 2, 2, 2, 2, 2, 2, 2, 2, 2, 2]
start [3, 4, 5, 6, 7, 8, 9, 10, 11, 12, 13, 14, 15, 16, 17, 18, 19, 20, 21, 23, 24, 25]
end [4, 5, 6, 7, 8, 9, 10, 11, 12, 13, 14, 15, 16, 17, 18, 19, 20, 21, 22, 24, 25, 26]
 vid_info:  ['4', 'datasets/2/Dashboard_User_id_24026_NoAudio_4.24026.204.219.MP4']
action_idx [2 2 2 2 2 2 2 2 2 2 2 2 2 2 2 2 2 2 2 2 2 2 2 2 2 2 2 2 2]
threshold: 0.90467083
activities_idx [2, 2, 2, 2, 2, 2, 2, 2, 2, 2, 2, 2, 2, 2, 2]
start [5, 9, 10, 11, 12, 13, 16, 17, 18, 19, 20, 21, 25, 26, 27]
end [6, 10, 11, 12, 13, 14, 17, 18, 19, 20, 21, 22, 26, 27, 28]
 vid_info:  ['7', 'datasets/2/Dashboard_User_id_38058_NoAudio_0.38508.477.502.MP4']
action_idx [7 2 3 3 2 2 3 3 2 2 2 2 3 3]
threshold: 0.50751686
activities_idx [2, 3, 3, 2, 3, 2, 2, 2, 2]
start [1, 2, 3, 5, 6, 8, 9, 10, 11]
end [2, 3, 4, 6, 7, 9, 10, 11, 12]
 vid_info:  ['8', 'datasets/2/Dashboard_User_id_38058_NoAudio_1.38508.499.524.MP4']
action_idx [ 8  2  2 15  2 14 13  2  7  2  3  2  2  2]
threshold: 0.43116006
activities_idx [2, 14, 13, 2, 2, 3, 2]
start [1, 5, 6, 7, 9, 10, 11]
end [2, 6, 7, 8, 10, 11, 12]
 vid_info:  ['1', 'datasets/2/Dashboard_user_id_24491_NoAudio_0.24491.171.208.MP4']
action_idx [ 2  2 14  8 14  2  1  0  7  2  8  8  2 14 14  8]
threshold: 0.26357853
activities_idx [2, 2, 14, 14, 2, 8, 14, 14]
start [0, 1, 2, 4, 9, 11, 13, 14]
end [1, 2, 3, 5, 10, 12, 14, 15]
 vid_info:  ['2', 'datasets/2/Dashboard_user_id_24491_NoAudio_1.24491.74.105.MP4']
action_idx [ 1  2 14  8  8 13 14  7 14 14  7 15 14 14  7  7]
threshold: 0.24519284
activities_idx [1, 2, 14, 8, 14, 14, 7, 14, 7]
start [0, 1, 2, 4, 6, 9, 10, 13, 14]
end [1, 2, 3, 5, 7, 10, 11, 14, 15]
 vid_info:  ['5', 'datasets/2/Dashboard_user_id_35133_NoAudio_0.35133.157.175.MP4']
action_idx [11  8  5  8  8 11 11 11  7  2  2  2  2  2  2  2 13  2 13  4  4  4  4]
threshold: 0.35454598
activities_idx [2, 2, 2, 2, 2, 13, 4, 4, 4, 4]
start [9, 10, 14, 15, 17, 18, 19, 20, 21, 22]
end [10, 11, 15, 16, 18, 19, 20, 21, 22, 23]
 vid_info:  ['6', 'datasets/2/Dashboard_user_id_35133_NoAudio_2.35133.94.112.MP4']
action_idx [ 4 15  4 11  4  4  4  4  4  4  4  4  2  2  2  2  2  2  2  2  2  2  2]
threshold: 0.8285947
activities_idx [4, 4, 4, 4, 4, 4, 2, 2, 2, 2, 2, 2, 2, 2, 2, 2]
start [4, 5, 6, 9, 10, 11, 12, 13, 14, 15, 16, 18, 19, 20, 21, 22]
end [5, 6, 7, 10, 11, 12, 13, 14, 15, 16, 17, 19, 20, 21, 22, 23]
 vid_info:  ['9', 'datasets/2/Dashboard_user_id_49381_NoAudio_0.49381.504.526.MP4']
action_idx [13  5  2  3  3  2  2  2  2  2  2  2  2  2  2  3  3  3  2  3]
threshold: 0.5355981
activities_idx [5, 2, 3, 2, 2, 2, 2, 2, 2, 3, 3, 3]
start [1, 2, 3, 5, 8, 9, 10, 12, 13, 15, 17, 19]
end [2, 3, 4, 6, 9, 10, 11, 13, 14, 16, 18, 20]
 vid_info:  ['10', 'datasets/2/Dashboard_user_id_49381_NoAudio_1.49381.513.535.MP4']
action_idx [13  2  2  2  2  2  2  2  2  3  3  3  3  3  3  3  3  3  2  2]
threshold: 0.49359617
activities_idx [2, 2, 3, 3, 3, 3, 3, 3, 3]
start [1, 7, 9, 11, 12, 13, 15, 16, 17]
end [2, 8, 10, 12, 13, 14, 16, 17, 18]
Summarization  datasets/video_ids_db2.csv [2, 2, 2, 2, 2, 2, 2, 2, 2, 2, 2, 2, 2, 2, 2, 2, 2, 2, 2, 2, 2, 2, 2, 2, 2, 2, 2, 2, 2, 2, 2, 2, 2, 2, 2, 2, 2, 2, 3, 3, 2, 3, 2, 2, 2, 2, 2, 14, 13, 2, 2, 3, 2, 2, 2, 14, 14, 2, 8, 14, 14, 1, 2, 14, 8, 14, 14, 7, 14, 7, 2, 2, 2, 2, 2, 13, 4, 4, 4, 4, 4, 4, 4, 4, 4, 4, 2, 2, 2, 2, 2, 2, 2, 2, 2, 2, 5, 2, 3, 2, 2, 2, 2, 2, 2, 3, 3, 3, 2, 2, 3, 3, 3, 3, 3, 3, 3]
video_ids_file  datasets/video_ids_db3.csv
{'Dashboard_User_id_24026_NoAudio_3.24026.96.120.MP4': ['3', 'datasets/3/Dashboard_User_id_24026_NoAudio_3.24026.96.120.MP4'], 'Dashboard_User_id_24026_NoAudio_4.24026.111.135.MP4': ['4', 'datasets/3/Dashboard_User_id_24026_NoAudio_4.24026.111.135.MP4'], 'Dashboard_User_id_38058_NoAudio_0.38508.171.191.MP4': ['7', 'datasets/3/Dashboard_User_id_38058_NoAudio_0.38508.171.191.MP4'], 'Dashboard_User_id_38058_NoAudio_1.38508.174.194.MP4': ['8', 'datasets/3/Dashboard_User_id_38058_NoAudio_1.38508.174.194.MP4'], 'Dashboard_user_id_24491_NoAudio_0.24491.126.146.MP4': ['1', 'datasets/3/Dashboard_user_id_24491_NoAudio_0.24491.126.146.MP4'], 'Dashboard_user_id_24491_NoAudio_1.24491.18.45.MP4': ['2', 'datasets/3/Dashboard_user_id_24491_NoAudio_1.24491.18.45.MP4'], 'Dashboard_user_id_35133_NoAudio_0.35133.334.351.MP4': ['5', 'datasets/3/Dashboard_user_id_35133_NoAudio_0.35133.334.351.MP4'], 'Dashboard_user_id_35133_NoAudio_2.35133.271.288.MP4': ['6', 'datasets/3/Dashboard_user_id_35133_NoAudio_2.35133.271.288.MP4'], 'Dashboard_user_id_49381_NoAudio_0.49381.15.32.MP4': ['9', 'datasets/3/Dashboard_user_id_49381_NoAudio_0.49381.15.32.MP4'], 'Dashboard_user_id_49381_NoAudio_1.49381.20.39.MP4': ['10', 'datasets/3/Dashboard_user_id_49381_NoAudio_1.49381.20.39.MP4']}
path_to_checkpoint checkpoint_submit/checkpoint_epoch_dashboard_10018_85.71_98.76.pyth
load model x3d_l
epoch_reset False
cfg checkpoint_submit/checkpoint_epoch_dashboard_10018_85.71_98.76.pyth
path_to_checkpoint checkpoint_submit/checkpoint_epoch_dashboard_20018_73.75_97.50.pyth
load model x3d_l
epoch_reset False
cfg checkpoint_submit/checkpoint_epoch_dashboard_20018_73.75_97.50.pyth
path_to_checkpoint checkpoint_submit/checkpoint_epoch_dashboard_30014_78.12_95.62.pyth
load model x3d_l
epoch_reset False
cfg checkpoint_submit/checkpoint_epoch_dashboard_30014_78.12_95.62.pyth
path_to_checkpoint checkpoint_submit/checkpoint_epoch_dashboard_40017_81.88_99.38.pyth
load model x3d_l
epoch_reset False
cfg checkpoint_submit/checkpoint_epoch_dashboard_40017_81.88_99.38.pyth
path_to_checkpoint checkpoint_submit/checkpoint_epoch_dashboard_50012_83.33_97.02.pyth
load model x3d_l
epoch_reset False
cfg checkpoint_submit/checkpoint_epoch_dashboard_50012_83.33_97.02.pyth
datasets/3/Dashboard_User_id_24026_NoAudio_3.24026.96.120.MP4
fps: 30
8 4
datasets/3/Dashboard_User_id_24026_NoAudio_4.24026.111.135.MP4
fps: 30
8 4
datasets/3/Dashboard_User_id_38058_NoAudio_0.38508.171.191.MP4
fps: 30
8 4
datasets/3/Dashboard_User_id_38058_NoAudio_1.38508.174.194.MP4
fps: 30
8 4
datasets/3/Dashboard_user_id_24491_NoAudio_0.24491.126.146.MP4
fps: 30
8 4
datasets/3/Dashboard_user_id_24491_NoAudio_1.24491.18.45.MP4
fps: 30
8 4
datasets/3/Dashboard_user_id_35133_NoAudio_0.35133.334.351.MP4
fps: 30
8 4
datasets/3/Dashboard_user_id_35133_NoAudio_2.35133.271.288.MP4
fps: 30
8 4
datasets/3/Dashboard_user_id_49381_NoAudio_0.49381.15.32.MP4
fps: 30
8 4
datasets/3/Dashboard_user_id_49381_NoAudio_1.49381.20.39.MP4
fps: 30
8 4
 vid_info:  ['3', 'datasets/3/Dashboard_User_id_24026_NoAudio_3.24026.96.120.MP4']
action_idx [7 3 3 3 3 3 3 3 3 3 3 3 3 3 3 3 3 3]
threshold: 0.70095
activities_idx [3, 3, 3, 3, 3, 3, 3, 3, 3]
start [1, 2, 3, 4, 5, 6, 7, 8, 10]
end [2, 3, 4, 5, 6, 7, 8, 9, 11]
 vid_info:  ['4', 'datasets/3/Dashboard_User_id_24026_NoAudio_4.24026.111.135.MP4']
action_idx [ 3  3  3  3  3  3  3  3  3  3  3  3 13 13  3  3  3  3  3  3  7  8  8  8
 12]
threshold: 0.53491294
activities_idx [3, 3, 3, 3, 3, 3, 3, 3, 13, 3, 3, 3]
start [1, 2, 3, 4, 5, 6, 7, 11, 12, 16, 17, 18]
end [2, 3, 4, 5, 6, 7, 8, 12, 13, 17, 18, 19]
 vid_info:  ['7', 'datasets/3/Dashboard_User_id_38058_NoAudio_0.38508.171.191.MP4']
action_idx [1 3 3 3 3 3 3 3 3 3 3 3 3 3 3 3 3 3 3 3 3 3]
threshold: 0.80490476
activities_idx [3, 3, 3, 3, 3, 3, 3, 3, 3, 3, 3]
start [8, 9, 10, 11, 14, 15, 16, 17, 19, 20, 21]
end [9, 10, 11, 12, 15, 16, 17, 18, 20, 21, 22]
 vid_info:  ['8', 'datasets/3/Dashboard_User_id_38058_NoAudio_1.38508.174.194.MP4']
action_idx [0 3 3 3 3 3 3 3 3 3 3 3 3 3 3 3 3 3 3 3 3 3]
threshold: 0.75468165
activities_idx [3, 3, 3, 3, 3, 3, 3, 3, 3, 3, 3, 3, 3, 3]
start [1, 2, 3, 4, 5, 6, 8, 9, 10, 11, 12, 15, 16, 21]
end [2, 3, 4, 5, 6, 7, 9, 10, 11, 12, 13, 16, 17, 22]
 vid_info:  ['1', 'datasets/3/Dashboard_user_id_24491_NoAudio_0.24491.126.146.MP4']
action_idx [7 7 3 3 3 3 3 7 3 3 3 3 3 3 3]
threshold: 0.38792747
activities_idx [7, 3, 3, 3, 3, 3, 3]
start [1, 5, 6, 11, 12, 13, 14]
end [2, 6, 7, 12, 13, 14, 15]
 vid_info:  ['2', 'datasets/3/Dashboard_user_id_24491_NoAudio_1.24491.18.45.MP4']
action_idx [2 7 7 7 3 3 3 1 0 8 3 3 3 3 3]
threshold: 0.3767222
activities_idx [3, 3, 3, 3, 3]
start [10, 11, 12, 13, 14]
end [11, 12, 13, 14, 15]
 vid_info:  ['5', 'datasets/3/Dashboard_user_id_35133_NoAudio_0.35133.334.351.MP4']
action_idx [13 11  4  4 15 15  4  4  4 12  5  4  4  4  4  4  4  4]
threshold: 0.49803045
activities_idx [4, 4, 4, 4, 4, 4, 4, 4]
start [7, 8, 12, 13, 14, 15, 16, 17]
end [8, 9, 13, 14, 15, 16, 17, 18]
 vid_info:  ['6', 'datasets/3/Dashboard_user_id_35133_NoAudio_2.35133.271.288.MP4']
action_idx [15 15 12 15 15  8  6  6  6  6  6  6  3  3  3  3  3  3]
threshold: 0.40251386
activities_idx [15, 3, 3, 3, 3, 3, 3]
start [0, 12, 13, 14, 15, 16, 17]
end [1, 13, 14, 15, 16, 17, 18]
 vid_info:  ['9', 'datasets/3/Dashboard_user_id_49381_NoAudio_0.49381.15.32.MP4']
action_idx [3 3 3 3 3 3 3 2 2 3 3 3 2 2 2]
threshold: 0.48626864
activities_idx [3, 3, 3, 3, 3, 3, 3, 3]
start [1, 2, 3, 4, 5, 6, 9, 10]
end [2, 3, 4, 5, 6, 7, 10, 11]
 vid_info:  ['10', 'datasets/3/Dashboard_user_id_49381_NoAudio_1.49381.20.39.MP4']
action_idx [3 3 3 3 2 2 2 0 2 2 2 2 2 2 2 2 3]
threshold: 0.38696373
activities_idx [3, 3, 3, 3, 3]
start [0, 1, 2, 3, 16]
end [1, 2, 3, 4, 17]
Summarization  datasets/video_ids_db3.csv [3, 3, 3, 3, 3, 3, 3, 3, 3, 3, 3, 3, 3, 3, 3, 3, 3, 13, 3, 3, 3, 3, 3, 3, 3, 3, 3, 3, 3, 3, 3, 3, 3, 3, 3, 3, 3, 3, 3, 3, 3, 3, 3, 3, 3, 3, 7, 3, 3, 3, 3, 3, 3, 3, 3, 3, 3, 3, 4, 4, 4, 4, 4, 4, 4, 4, 15, 3, 3, 3, 3, 3, 3, 3, 3, 3, 3, 3, 3, 3, 3, 3, 3, 3, 3, 3]
video_ids_file  datasets/video_ids_db4.csv
{'Dashboard_User_id_24026_NoAudio_3.24026.515.530.MP4': ['3', 'datasets/4/Dashboard_User_id_24026_NoAudio_3.24026.515.530.MP4'], 'Dashboard_User_id_24026_NoAudio_4.24026.531.546.MP4': ['4', 'datasets/4/Dashboard_User_id_24026_NoAudio_4.24026.531.546.MP4'], 'Dashboard_User_id_38058_NoAudio_0.38508.234.257.MP4': ['7', 'datasets/4/Dashboard_User_id_38058_NoAudio_0.38508.234.257.MP4'], 'Dashboard_User_id_38058_NoAudio_1.38508.234.258.MP4': ['8', 'datasets/4/Dashboard_User_id_38058_NoAudio_1.38508.234.258.MP4'], 'Dashboard_user_id_24491_NoAudio_0.24491.453.469.MP4': ['1', 'datasets/4/Dashboard_user_id_24491_NoAudio_0.24491.453.469.MP4'], 'Dashboard_user_id_24491_NoAudio_1.24491.356.364.MP4': ['2', 'datasets/4/Dashboard_user_id_24491_NoAudio_1.24491.356.364.MP4'], 'Dashboard_user_id_35133_NoAudio_0.35133.454.470.MP4': ['5', 'datasets/4/Dashboard_user_id_35133_NoAudio_0.35133.454.470.MP4'], 'Dashboard_user_id_35133_NoAudio_2.35133.390.407.MP4': ['6', 'datasets/4/Dashboard_user_id_35133_NoAudio_2.35133.390.407.MP4'], 'Dashboard_user_id_49381_NoAudio_0.49381.272.294.MP4': ['9', 'datasets/4/Dashboard_user_id_49381_NoAudio_0.49381.272.294.MP4'], 'Dashboard_user_id_49381_NoAudio_1.49381.281.303.MP4': ['10', 'datasets/4/Dashboard_user_id_49381_NoAudio_1.49381.281.303.MP4']}
path_to_checkpoint checkpoint_submit/checkpoint_epoch_dashboard_10018_85.71_98.76.pyth
load model x3d_l
epoch_reset False
cfg checkpoint_submit/checkpoint_epoch_dashboard_10018_85.71_98.76.pyth
path_to_checkpoint checkpoint_submit/checkpoint_epoch_dashboard_20018_73.75_97.50.pyth
load model x3d_l
epoch_reset False
cfg checkpoint_submit/checkpoint_epoch_dashboard_20018_73.75_97.50.pyth
path_to_checkpoint checkpoint_submit/checkpoint_epoch_dashboard_30014_78.12_95.62.pyth
load model x3d_l
epoch_reset False
cfg checkpoint_submit/checkpoint_epoch_dashboard_30014_78.12_95.62.pyth
path_to_checkpoint checkpoint_submit/checkpoint_epoch_dashboard_40017_81.88_99.38.pyth
load model x3d_l
epoch_reset False
cfg checkpoint_submit/checkpoint_epoch_dashboard_40017_81.88_99.38.pyth
path_to_checkpoint checkpoint_submit/checkpoint_epoch_dashboard_50012_83.33_97.02.pyth
load model x3d_l
epoch_reset False
cfg checkpoint_submit/checkpoint_epoch_dashboard_50012_83.33_97.02.pyth
datasets/4/Dashboard_User_id_24026_NoAudio_3.24026.515.530.MP4
fps: 30
8 4
datasets/4/Dashboard_User_id_24026_NoAudio_4.24026.531.546.MP4
fps: 30
8 4
datasets/4/Dashboard_User_id_38058_NoAudio_0.38508.234.257.MP4
fps: 30
8 4
datasets/4/Dashboard_User_id_38058_NoAudio_1.38508.234.258.MP4
fps: 30
8 4
datasets/4/Dashboard_user_id_24491_NoAudio_0.24491.453.469.MP4
fps: 30
8 4
datasets/4/Dashboard_user_id_24491_NoAudio_1.24491.356.364.MP4
fps: 30
8 4
datasets/4/Dashboard_user_id_35133_NoAudio_0.35133.454.470.MP4
fps: 30
8 4
datasets/4/Dashboard_user_id_35133_NoAudio_2.35133.390.407.MP4
fps: 30
8 4
datasets/4/Dashboard_user_id_49381_NoAudio_0.49381.272.294.MP4
fps: 30
8 4
datasets/4/Dashboard_user_id_49381_NoAudio_1.49381.281.303.MP4
fps: 30
8 4
 vid_info:  ['3', 'datasets/4/Dashboard_User_id_24026_NoAudio_3.24026.515.530.MP4']
action_idx [ 7  4  2  5  1  1  6  6  4  4 13 13  2  2  1]
threshold: 0.3681973
activities_idx [1, 1, 6, 13, 13, 1]
start [4, 5, 6, 10, 11, 14]
end [5, 6, 7, 11, 12, 15]
 vid_info:  ['4', 'datasets/4/Dashboard_User_id_24026_NoAudio_4.24026.531.546.MP4']
action_idx [1 4 1 6 7 1 1]
threshold: 0.32646558
activities_idx [1, 6, 1, 1]
start [2, 3, 5, 6]
end [3, 4, 6, 7]
 vid_info:  ['7', 'datasets/4/Dashboard_User_id_38058_NoAudio_0.38508.234.257.MP4']
action_idx [ 8  1  1  1 12  1 12  1 13 12  1  1 12  1]
threshold: 0.48633936
activities_idx [1, 12, 1, 13, 1, 12]
start [2, 4, 7, 8, 10, 12]
end [3, 5, 8, 9, 11, 13]
 vid_info:  ['8', 'datasets/4/Dashboard_User_id_38058_NoAudio_1.38508.234.258.MP4']
action_idx [ 8  1  7 12 12  1  1 12 12  1  7 12 12  1]
threshold: 0.4826503
activities_idx [8, 1, 7, 1, 12, 1, 12, 12]
start [0, 1, 2, 5, 7, 9, 11, 12]
end [1, 2, 3, 6, 8, 10, 12, 13]
 vid_info:  ['1', 'datasets/4/Dashboard_user_id_24491_NoAudio_0.24491.453.469.MP4']
action_idx [13  7 15  7  2  7 13  7  7  7  7  7  7  3  7]
threshold: 0.35991123
activities_idx [13, 7, 15, 7, 13, 7, 7, 7, 7]
start [0, 1, 2, 5, 6, 8, 9, 10, 12]
end [1, 2, 3, 6, 7, 9, 10, 11, 13]
 vid_info:  ['2', 'datasets/4/Dashboard_user_id_24491_NoAudio_1.24491.356.364.MP4']
action_idx [ 8  7  7 13 13 13  1 13 13 10  1  1  7  7  7]
threshold: 0.39781672
activities_idx [7, 7, 13, 13, 13, 1, 7, 7]
start [1, 2, 4, 5, 7, 10, 13, 14]
end [2, 3, 5, 6, 8, 11, 14, 15]
 vid_info:  ['5', 'datasets/4/Dashboard_user_id_35133_NoAudio_0.35133.454.470.MP4']
action_idx [ 4 13  4  4  4  4  4  4  4  4  4  4  4  4  4  4  4  4  4  4  4]
threshold: 0.65077984
activities_idx [4, 4, 4, 4, 4, 4, 4, 4, 4, 4, 4]
start [2, 3, 5, 6, 7, 10, 13, 17, 18, 19, 20]
end [3, 4, 6, 7, 8, 11, 14, 18, 19, 20, 21]
 vid_info:  ['6', 'datasets/4/Dashboard_user_id_35133_NoAudio_2.35133.390.407.MP4']
action_idx [ 4  4  4 10  4  1  1  1  6  1 15 15  4  4  4 13  4 13  4  4  4  4]
threshold: 0.50775075
activities_idx [4, 4, 15, 4, 4, 4, 13, 4, 4, 4, 4]
start [0, 1, 11, 12, 13, 16, 17, 18, 19, 20, 21]
end [1, 2, 12, 13, 14, 17, 18, 19, 20, 21, 22]
 vid_info:  ['9', 'datasets/4/Dashboard_user_id_49381_NoAudio_0.49381.272.294.MP4']
action_idx [ 5 13 13 13  1 13 13 12 12  1 13  4 12 12  4  1 12 12  4 15]
threshold: 0.5825995
activities_idx [13, 13, 12, 12, 4, 12, 12, 4, 12]
start [1, 2, 7, 8, 11, 12, 13, 14, 17]
end [2, 3, 8, 9, 12, 13, 14, 15, 18]
 vid_info:  ['10', 'datasets/4/Dashboard_user_id_49381_NoAudio_1.49381.281.303.MP4']
action_idx [ 7  1  7  7  7  7  7 13  7  1  7 13  7  7 13  7 13  8  7  4]
threshold: 0.36864305
activities_idx [1, 7, 13, 13, 13, 7, 13, 7]
start [1, 3, 7, 11, 14, 15, 16, 18]
end [2, 4, 8, 12, 15, 16, 17, 19]
Summarization  datasets/video_ids_db4.csv [1, 1, 6, 13, 13, 1, 1, 6, 1, 1, 1, 12, 1, 13, 1, 12, 8, 1, 7, 1, 12, 1, 12, 12, 13, 7, 15, 7, 13, 7, 7, 7, 7, 7, 7, 13, 13, 13, 1, 7, 7, 4, 4, 4, 4, 4, 4, 4, 4, 4, 4, 4, 4, 4, 15, 4, 4, 4, 13, 4, 4, 4, 4, 13, 13, 12, 12, 4, 12, 12, 4, 12, 1, 7, 13, 13, 13, 7, 13, 7]
video_ids_file  datasets/video_ids_db5.csv
{'Dashboard_User_id_24026_NoAudio_3.24026.369.385.MP4': ['3', 'datasets/5/Dashboard_User_id_24026_NoAudio_3.24026.369.385.MP4'], 'Dashboard_User_id_24026_NoAudio_4.24026.385.401.MP4': ['4', 'datasets/5/Dashboard_User_id_24026_NoAudio_4.24026.385.401.MP4'], 'Dashboard_User_id_38058_NoAudio_0.38508.541.560.MP4': ['7', 'datasets/5/Dashboard_User_id_38058_NoAudio_0.38508.541.560.MP4'], 'Dashboard_User_id_38058_NoAudio_1.38508.563.582.MP4': ['8', 'datasets/5/Dashboard_User_id_38058_NoAudio_1.38508.563.582.MP4'], 'Dashboard_user_id_24491_NoAudio_0.24491.233.265.MP4': ['1', 'datasets/5/Dashboard_user_id_24491_NoAudio_0.24491.233.265.MP4'], 'Dashboard_user_id_24491_NoAudio_1.24491.137.166.MP4': ['2', 'datasets/5/Dashboard_user_id_24491_NoAudio_1.24491.137.166.MP4'], 'Dashboard_user_id_35133_NoAudio_0.35133.280.300.MP4': ['5', 'datasets/5/Dashboard_user_id_35133_NoAudio_0.35133.280.300.MP4'], 'Dashboard_user_id_35133_NoAudio_2.35133.216.237.MP4': ['6', 'datasets/5/Dashboard_user_id_35133_NoAudio_2.35133.216.237.MP4'], 'Dashboard_user_id_49381_NoAudio_0.49381.452.469.MP4': ['9', 'datasets/5/Dashboard_user_id_49381_NoAudio_0.49381.452.469.MP4'], 'Dashboard_user_id_49381_NoAudio_1.49381.461.478.MP4': ['10', 'datasets/5/Dashboard_user_id_49381_NoAudio_1.49381.461.478.MP4']}
path_to_checkpoint checkpoint_submit/checkpoint_epoch_dashboard_10018_85.71_98.76.pyth
load model x3d_l
epoch_reset False
cfg checkpoint_submit/checkpoint_epoch_dashboard_10018_85.71_98.76.pyth
path_to_checkpoint checkpoint_submit/checkpoint_epoch_dashboard_20018_73.75_97.50.pyth
load model x3d_l
epoch_reset False
cfg checkpoint_submit/checkpoint_epoch_dashboard_20018_73.75_97.50.pyth
path_to_checkpoint checkpoint_submit/checkpoint_epoch_dashboard_30014_78.12_95.62.pyth
load model x3d_l
epoch_reset False
cfg checkpoint_submit/checkpoint_epoch_dashboard_30014_78.12_95.62.pyth
path_to_checkpoint checkpoint_submit/checkpoint_epoch_dashboard_40017_81.88_99.38.pyth
load model x3d_l
epoch_reset False
cfg checkpoint_submit/checkpoint_epoch_dashboard_40017_81.88_99.38.pyth
path_to_checkpoint checkpoint_submit/checkpoint_epoch_dashboard_50012_83.33_97.02.pyth
load model x3d_l
epoch_reset False
cfg checkpoint_submit/checkpoint_epoch_dashboard_50012_83.33_97.02.pyth
datasets/5/Dashboard_User_id_24026_NoAudio_3.24026.369.385.MP4
fps: 30
8 4
datasets/5/Dashboard_User_id_24026_NoAudio_4.24026.385.401.MP4
fps: 30
8 4
datasets/5/Dashboard_User_id_38058_NoAudio_0.38508.541.560.MP4
fps: 30
8 4
datasets/5/Dashboard_User_id_38058_NoAudio_1.38508.563.582.MP4
fps: 30
8 4
datasets/5/Dashboard_user_id_24491_NoAudio_0.24491.233.265.MP4
fps: 30
8 4
datasets/5/Dashboard_user_id_24491_NoAudio_1.24491.137.166.MP4
fps: 30
8 4
datasets/5/Dashboard_user_id_35133_NoAudio_0.35133.280.300.MP4
fps: 30
8 4
datasets/5/Dashboard_user_id_35133_NoAudio_2.35133.216.237.MP4
fps: 30
8 4
datasets/5/Dashboard_user_id_49381_NoAudio_0.49381.452.469.MP4
fps: 30
8 4
datasets/5/Dashboard_user_id_49381_NoAudio_1.49381.461.478.MP4
fps: 30
8 4
 vid_info:  ['3', 'datasets/5/Dashboard_User_id_24026_NoAudio_3.24026.369.385.MP4']
action_idx [9 9 5 5 5 5 5 5 5 5 5 5 5 9 5 5 5 5 5 5 5 5 5 5 5 5 5 5 5 5]
threshold: 0.5024667
activities_idx [5, 5, 5, 5, 5, 5, 5, 5, 5, 5, 5, 5, 5, 5, 5, 5, 5, 5]
start [7, 8, 9, 10, 11, 15, 16, 17, 18, 19, 20, 21, 22, 23, 24, 25, 26, 28]
end [8, 9, 10, 11, 12, 16, 17, 18, 19, 20, 21, 22, 23, 24, 25, 26, 27, 29]
 vid_info:  ['4', 'datasets/5/Dashboard_User_id_24026_NoAudio_4.24026.385.401.MP4']
action_idx [9 6 5 5 5 5 5 5 5 5 5 5 5 5 5 5 5 5 5 5 5 5 5 5 5 5 5]
threshold: 0.53636706
activities_idx [9, 5, 5, 5, 5, 5, 5, 5, 5, 5, 5, 5, 5, 5, 5]
start [0, 2, 4, 5, 8, 9, 10, 14, 15, 18, 19, 22, 23, 24, 26]
end [1, 3, 5, 6, 9, 10, 11, 15, 16, 19, 20, 23, 24, 25, 27]
 vid_info:  ['7', 'datasets/5/Dashboard_User_id_38058_NoAudio_0.38508.541.560.MP4']
action_idx [5 5 5 5 5 5 5 5 5 5 5 5 5 5 5]
threshold: 0.8653673
activities_idx [5, 5, 5, 5, 5, 5, 5, 5, 5, 5, 5, 5, 5]
start [1, 3, 4, 5, 6, 7, 8, 9, 10, 11, 12, 13, 14]
end [2, 4, 5, 6, 7, 8, 9, 10, 11, 12, 13, 14, 15]
 vid_info:  ['8', 'datasets/5/Dashboard_User_id_38058_NoAudio_1.38508.563.582.MP4']
action_idx [12 12  5  5  5  5  5  5  5  5  5  5  5  5  5]
threshold: 0.66709596
activities_idx [5, 5, 5, 5, 5, 5, 5, 5, 5]
start [3, 4, 5, 6, 7, 8, 9, 10, 11]
end [4, 5, 6, 7, 8, 9, 10, 11, 12]
 vid_info:  ['1', 'datasets/5/Dashboard_user_id_24491_NoAudio_0.24491.233.265.MP4']
action_idx [10 10 15  8  0 10 15 15 15 15 15 15  8  8  8  8  8  8]
threshold: 0.28472054
activities_idx [15, 8, 15, 15, 8, 8, 8, 8]
start [2, 3, 7, 9, 13, 15, 16, 17]
end [3, 4, 8, 10, 14, 16, 17, 18]
 vid_info:  ['2', 'datasets/5/Dashboard_user_id_24491_NoAudio_1.24491.137.166.MP4']
action_idx [8 5 5 5 5 8 5 5 5 5 5 5 5 5 5 5 5 5 5]
threshold: 0.5137035
activities_idx [5, 5, 5, 5, 5, 5, 5, 5, 5, 5, 5, 5]
start [1, 2, 4, 8, 9, 10, 11, 13, 15, 16, 17, 18]
end [2, 3, 5, 9, 10, 11, 12, 14, 16, 17, 18, 19]
 vid_info:  ['5', 'datasets/5/Dashboard_user_id_35133_NoAudio_0.35133.280.300.MP4']
action_idx [11 12 11  8  8 12 11 11 11 11 11 11 11 11  4  4  4]
threshold: 0.33806026
activities_idx [8, 8, 11, 4, 4, 4]
start [3, 4, 7, 14, 15, 16]
end [4, 5, 8, 15, 16, 17]
 vid_info:  ['6', 'datasets/5/Dashboard_user_id_35133_NoAudio_2.35133.216.237.MP4']
action_idx [15  4 12 12 12 15 11 12 11 11 11 11 15  8 11 11 12]
threshold: 0.3102679
activities_idx [15, 11, 11, 11, 11, 15, 11, 11]
start [5, 6, 8, 9, 11, 12, 14, 15]
end [6, 7, 9, 10, 12, 13, 15, 16]
 vid_info:  ['9', 'datasets/5/Dashboard_user_id_49381_NoAudio_0.49381.452.469.MP4']
action_idx [13  9  8 15  8  8  8  5  5  5  5 13 13  5  5]
threshold: 0.46747476
activities_idx [8, 8, 5, 5, 5, 5, 5]
start [5, 6, 7, 8, 9, 10, 13]
end [6, 7, 8, 9, 10, 11, 14]
 vid_info:  ['10', 'datasets/5/Dashboard_user_id_49381_NoAudio_1.49381.461.478.MP4']
action_idx [ 9 13  5  5  5  5  5  5  5  5  5  8  5  5  5]
threshold: 0.48290578
activities_idx [5, 5, 5, 5, 5, 5, 5, 8, 5, 5]
start [3, 4, 5, 6, 7, 8, 9, 11, 12, 14]
end [4, 5, 6, 7, 8, 9, 10, 12, 13, 15]
Summarization  datasets/video_ids_db5.csv [5, 5, 5, 5, 5, 5, 5, 5, 5, 5, 5, 5, 5, 5, 5, 5, 5, 5, 9, 5, 5, 5, 5, 5, 5, 5, 5, 5, 5, 5, 5, 5, 5, 5, 5, 5, 5, 5, 5, 5, 5, 5, 5, 5, 5, 5, 5, 5, 5, 5, 5, 5, 5, 5, 5, 15, 8, 15, 15, 8, 8, 8, 8, 5, 5, 5, 5, 5, 5, 5, 5, 5, 5, 5, 5, 8, 8, 11, 4, 4, 4, 15, 11, 11, 11, 11, 15, 11, 11, 8, 8, 5, 5, 5, 5, 5, 5, 5, 5, 5, 5, 5, 5, 8, 5, 5]
video_ids_file  datasets/video_ids_db6.csv
{'Dashboard_User_id_24026_NoAudio_3.24026.341.359.MP4': ['3', 'datasets/6/Dashboard_User_id_24026_NoAudio_3.24026.341.359.MP4'], 'Dashboard_User_id_24026_NoAudio_4.24026.357.375.MP4': ['4', 'datasets/6/Dashboard_User_id_24026_NoAudio_4.24026.357.375.MP4'], 'Dashboard_User_id_38058_NoAudio_0.38508.359.380.MP4': ['7', 'datasets/6/Dashboard_User_id_38058_NoAudio_0.38508.359.380.MP4'], 'Dashboard_User_id_38058_NoAudio_1.38508.363.385.MP4': ['8', 'datasets/6/Dashboard_User_id_38058_NoAudio_1.38508.363.385.MP4'], 'Dashboard_user_id_24491_NoAudio_0.24491.581.605.MP4': ['1', 'datasets/6/Dashboard_user_id_24491_NoAudio_0.24491.581.605.MP4'], 'Dashboard_user_id_24491_NoAudio_1.24491.486.515.MP4': ['2', 'datasets/6/Dashboard_user_id_24491_NoAudio_1.24491.486.515.MP4'], 'Dashboard_user_id_35133_NoAudio_0.35133.392.413.MP4': ['5', 'datasets/6/Dashboard_user_id_35133_NoAudio_0.35133.392.413.MP4'], 'Dashboard_user_id_35133_NoAudio_2.35133.327.349.MP4': ['6', 'datasets/6/Dashboard_user_id_35133_NoAudio_2.35133.327.349.MP4'], 'Dashboard_user_id_49381_NoAudio_0.49381.72.88.MP4': ['9', 'datasets/6/Dashboard_user_id_49381_NoAudio_0.49381.72.88.MP4'], 'Dashboard_user_id_49381_NoAudio_1.49381.80.97.MP4': ['10', 'datasets/6/Dashboard_user_id_49381_NoAudio_1.49381.80.97.MP4']}
path_to_checkpoint checkpoint_submit/checkpoint_epoch_dashboard_10018_85.71_98.76.pyth
load model x3d_l
epoch_reset False
cfg checkpoint_submit/checkpoint_epoch_dashboard_10018_85.71_98.76.pyth
path_to_checkpoint checkpoint_submit/checkpoint_epoch_dashboard_20018_73.75_97.50.pyth
load model x3d_l
epoch_reset False
cfg checkpoint_submit/checkpoint_epoch_dashboard_20018_73.75_97.50.pyth
path_to_checkpoint checkpoint_submit/checkpoint_epoch_dashboard_30014_78.12_95.62.pyth
load model x3d_l
epoch_reset False
cfg checkpoint_submit/checkpoint_epoch_dashboard_30014_78.12_95.62.pyth
path_to_checkpoint checkpoint_submit/checkpoint_epoch_dashboard_40017_81.88_99.38.pyth
load model x3d_l
epoch_reset False
cfg checkpoint_submit/checkpoint_epoch_dashboard_40017_81.88_99.38.pyth
path_to_checkpoint checkpoint_submit/checkpoint_epoch_dashboard_50012_83.33_97.02.pyth
load model x3d_l
epoch_reset False
cfg checkpoint_submit/checkpoint_epoch_dashboard_50012_83.33_97.02.pyth
datasets/6/Dashboard_User_id_24026_NoAudio_3.24026.341.359.MP4
fps: 30
8 4
datasets/6/Dashboard_User_id_24026_NoAudio_4.24026.357.375.MP4
fps: 30
8 4
datasets/6/Dashboard_User_id_38058_NoAudio_0.38508.359.380.MP4
fps: 30
8 4
datasets/6/Dashboard_User_id_38058_NoAudio_1.38508.363.385.MP4
fps: 30
8 4
datasets/6/Dashboard_user_id_24491_NoAudio_0.24491.581.605.MP4
fps: 30
8 4
datasets/6/Dashboard_user_id_24491_NoAudio_1.24491.486.515.MP4
fps: 30
8 4
datasets/6/Dashboard_user_id_35133_NoAudio_0.35133.392.413.MP4
fps: 30
8 4
datasets/6/Dashboard_user_id_35133_NoAudio_2.35133.327.349.MP4
fps: 30
8 4
datasets/6/Dashboard_user_id_49381_NoAudio_0.49381.72.88.MP4
fps: 30
8 4
datasets/6/Dashboard_user_id_49381_NoAudio_1.49381.80.97.MP4
fps: 30
8 4
 vid_info:  ['3', 'datasets/6/Dashboard_User_id_24026_NoAudio_3.24026.341.359.MP4']
action_idx [6 7 1 6 6 6 6 6 6 6 4 6 4 4 4 4 6 6 4 5 6 5]
threshold: 0.3596447
activities_idx [6, 6, 4, 6, 4, 4, 4, 4, 6, 6, 5]
start [8, 9, 10, 11, 12, 13, 14, 15, 16, 17, 19]
end [9, 10, 11, 12, 13, 14, 15, 16, 17, 18, 20]
 vid_info:  ['4', 'datasets/6/Dashboard_User_id_24026_NoAudio_4.24026.357.375.MP4']
action_idx [0 4 6 6 6 6 6 5 5 5 5 5 5 5 5 5 6 6 5 5 5 5 5 5 5 5 5]
threshold: 0.3792478
activities_idx [6, 6, 6, 6, 5, 5, 5, 5, 6]
start [2, 3, 4, 5, 8, 10, 12, 15, 17]
end [3, 4, 5, 6, 9, 11, 13, 16, 18]
 vid_info:  ['7', 'datasets/6/Dashboard_User_id_38058_NoAudio_0.38508.359.380.MP4']
action_idx [5 6 6 6 6 6 6 6 6 6 6 6 6 6 6 6]
threshold: 0.497992
activities_idx [6, 6, 6, 6, 6, 6, 6, 6, 6, 6]
start [1, 2, 3, 4, 5, 6, 7, 8, 10, 13]
end [2, 3, 4, 5, 6, 7, 8, 9, 11, 14]
 vid_info:  ['8', 'datasets/6/Dashboard_User_id_38058_NoAudio_1.38508.363.385.MP4']
action_idx [0 6 6 6 6 6 6 6 6 6 6 6 6 6 6 6]
threshold: 0.44215655
activities_idx [0, 6, 6, 6, 6, 6, 6, 6, 6]
start [0, 7, 8, 9, 10, 11, 12, 13, 15]
end [1, 8, 9, 10, 11, 12, 13, 14, 16]
 vid_info:  ['1', 'datasets/6/Dashboard_user_id_24491_NoAudio_0.24491.581.605.MP4']
action_idx [ 8 15 15 15  8  8  0  0 15  8  8 10 10  1  0 10  3  7  8]
threshold: 0.2085471
activities_idx [8, 15, 15, 8, 8, 8, 8, 0]
start [0, 2, 3, 4, 5, 9, 10, 14]
end [1, 3, 4, 5, 6, 10, 11, 15]
 vid_info:  ['2', 'datasets/6/Dashboard_user_id_24491_NoAudio_1.24491.486.515.MP4']
action_idx [ 8  7  7 15  3  8  8 10  7 10 10 10 10  7  6  7 10 15 15  7]
threshold: 0.24530046
activities_idx [8, 7, 7, 15, 7, 7, 7]
start [0, 1, 2, 3, 13, 15, 19]
end [1, 2, 3, 4, 14, 16, 20]
 vid_info:  ['5', 'datasets/6/Dashboard_user_id_35133_NoAudio_0.35133.392.413.MP4']
action_idx [ 4  6  6 12 13 12  8  5  4 13  6  5  5  8  8 15  4  4  4]
threshold: 0.33849835
activities_idx [6, 5, 15, 4, 4, 4]
start [1, 11, 15, 16, 17, 18]
end [2, 12, 16, 17, 18, 19]
 vid_info:  ['6', 'datasets/6/Dashboard_user_id_35133_NoAudio_2.35133.327.349.MP4']
action_idx [15  4 15  6 11  4  6  4  4  4  4  4  4 15  4 15  4  4  4  6]
threshold: 0.53897154
activities_idx [15, 4, 4, 4, 4, 4, 4, 4, 4]
start [0, 1, 8, 9, 10, 11, 12, 14, 18]
end [1, 2, 9, 10, 11, 12, 13, 15, 19]
 vid_info:  ['9', 'datasets/6/Dashboard_user_id_49381_NoAudio_0.49381.72.88.MP4']
action_idx [ 8  5  2 15  5  1  5  8  8  8  8  5 12 12  5]
threshold: 0.36849806
activities_idx [15, 5, 8, 8, 8, 8, 12]
start [3, 4, 7, 8, 9, 10, 12]
end [4, 5, 8, 9, 10, 11, 13]
 vid_info:  ['10', 'datasets/6/Dashboard_user_id_49381_NoAudio_1.49381.80.97.MP4']
action_idx [ 2 13  8  8  8  8 13  8  8  8  8  8  5  8  8]
threshold: 0.34018353
activities_idx [8, 8, 8, 8, 8]
start [7, 8, 9, 10, 11]
end [8, 9, 10, 11, 12]
Summarization  datasets/video_ids_db6.csv [6, 6, 4, 6, 4, 4, 4, 4, 6, 6, 5, 6, 6, 6, 6, 5, 5, 5, 5, 6, 6, 6, 6, 6, 6, 6, 6, 6, 6, 6, 0, 6, 6, 6, 6, 6, 6, 6, 6, 8, 15, 15, 8, 8, 8, 8, 0, 8, 7, 7, 15, 7, 7, 7, 6, 5, 15, 4, 4, 4, 15, 4, 4, 4, 4, 4, 4, 4, 4, 15, 5, 8, 8, 8, 8, 12, 8, 8, 8, 8, 8]
video_ids_file  datasets/video_ids_db7.csv
{'Dashboard_User_id_24026_NoAudio_3.24026.214.238.MP4': ['3', 'datasets/7/Dashboard_User_id_24026_NoAudio_3.24026.214.238.MP4'], 'Dashboard_User_id_24026_NoAudio_4.24026.229.253.MP4': ['4', 'datasets/7/Dashboard_User_id_24026_NoAudio_4.24026.229.253.MP4'], 'Dashboard_User_id_38058_NoAudio_0.38508.596.619.MP4': ['7', 'datasets/7/Dashboard_User_id_38058_NoAudio_0.38508.596.619.MP4'], 'Dashboard_User_id_38058_NoAudio_1.38508.618.641.MP4': ['8', 'datasets/7/Dashboard_User_id_38058_NoAudio_1.38508.618.641.MP4'], 'Dashboard_user_id_24491_NoAudio_0.24491.212.216.MP4': ['1', 'datasets/7/Dashboard_user_id_24491_NoAudio_0.24491.212.216.MP4'], 'Dashboard_user_id_24491_NoAudio_1.24491.113.117.MP4': ['2', 'datasets/7/Dashboard_user_id_24491_NoAudio_1.24491.113.117.MP4'], 'Dashboard_user_id_35133_NoAudio_0.35133.360.382.MP4': ['5', 'datasets/7/Dashboard_user_id_35133_NoAudio_0.35133.360.382.MP4'], 'Dashboard_user_id_35133_NoAudio_2.35133.297.319.MP4': ['6', 'datasets/7/Dashboard_user_id_35133_NoAudio_2.35133.297.319.MP4'], 'Dashboard_user_id_49381_NoAudio_0.49381.196.212.MP4': ['9', 'datasets/7/Dashboard_user_id_49381_NoAudio_0.49381.196.212.MP4'], 'Dashboard_user_id_49381_NoAudio_1.49381.205.221.MP4': ['10', 'datasets/7/Dashboard_user_id_49381_NoAudio_1.49381.205.221.MP4']}
path_to_checkpoint checkpoint_submit/checkpoint_epoch_dashboard_10018_85.71_98.76.pyth
load model x3d_l
epoch_reset False
cfg checkpoint_submit/checkpoint_epoch_dashboard_10018_85.71_98.76.pyth
path_to_checkpoint checkpoint_submit/checkpoint_epoch_dashboard_20018_73.75_97.50.pyth
load model x3d_l
epoch_reset False
cfg checkpoint_submit/checkpoint_epoch_dashboard_20018_73.75_97.50.pyth
path_to_checkpoint checkpoint_submit/checkpoint_epoch_dashboard_30014_78.12_95.62.pyth
load model x3d_l
epoch_reset False
cfg checkpoint_submit/checkpoint_epoch_dashboard_30014_78.12_95.62.pyth
path_to_checkpoint checkpoint_submit/checkpoint_epoch_dashboard_40017_81.88_99.38.pyth
load model x3d_l
epoch_reset False
cfg checkpoint_submit/checkpoint_epoch_dashboard_40017_81.88_99.38.pyth
path_to_checkpoint checkpoint_submit/checkpoint_epoch_dashboard_50012_83.33_97.02.pyth
load model x3d_l
epoch_reset False
cfg checkpoint_submit/checkpoint_epoch_dashboard_50012_83.33_97.02.pyth
datasets/7/Dashboard_User_id_24026_NoAudio_3.24026.214.238.MP4
fps: 30
8 4
datasets/7/Dashboard_User_id_24026_NoAudio_4.24026.229.253.MP4
fps: 30
8 4
datasets/7/Dashboard_User_id_38058_NoAudio_0.38508.596.619.MP4
fps: 30
8 4
datasets/7/Dashboard_User_id_38058_NoAudio_1.38508.618.641.MP4
fps: 30
8 4
datasets/7/Dashboard_user_id_24491_NoAudio_0.24491.212.216.MP4
fps: 30
8 4
datasets/7/Dashboard_user_id_24491_NoAudio_1.24491.113.117.MP4
fps: 30
8 4
datasets/7/Dashboard_user_id_35133_NoAudio_0.35133.360.382.MP4
fps: 30
8 4
datasets/7/Dashboard_user_id_35133_NoAudio_2.35133.297.319.MP4
fps: 30
8 4
datasets/7/Dashboard_user_id_49381_NoAudio_0.49381.196.212.MP4
fps: 30
8 4
datasets/7/Dashboard_user_id_49381_NoAudio_1.49381.205.221.MP4
fps: 30
8 4
 vid_info:  ['3', 'datasets/7/Dashboard_User_id_24026_NoAudio_3.24026.214.238.MP4']
action_idx [7 7 7]
threshold: 0.97999364
activities_idx [7]
start [2]
end [3]
 vid_info:  ['4', 'datasets/7/Dashboard_User_id_24026_NoAudio_4.24026.229.253.MP4']
action_idx [7 7 7]
threshold: 0.9576524
activities_idx [7, 7]
start [1, 2]
end [2, 3]
 vid_info:  ['7', 'datasets/7/Dashboard_User_id_38058_NoAudio_0.38508.596.619.MP4']
action_idx [7 7 7 7 7 7 7 7 7 7 7 7 7 7 7 7 7 7 7 7 7 7]
threshold: 0.57231677
activities_idx [7, 7, 7, 7, 7, 7, 7, 7, 7]
start [0, 1, 2, 3, 4, 5, 6, 8, 20]
end [1, 2, 3, 4, 5, 6, 7, 9, 21]
 vid_info:  ['8', 'datasets/7/Dashboard_User_id_38058_NoAudio_1.38508.618.641.MP4']
action_idx [12  7  7  7  7  7  7  7  7  7  7  7  7  7  7  7  7  7  7  7  7  7]
threshold: 0.6183149
activities_idx [7, 7, 7, 7, 7, 7, 7, 7, 7, 7, 7, 7]
start [1, 2, 3, 4, 11, 13, 14, 15, 16, 17, 19, 20]
end [2, 3, 4, 5, 12, 14, 15, 16, 17, 18, 20, 21]
 vid_info:  ['1', 'datasets/7/Dashboard_user_id_24491_NoAudio_0.24491.212.216.MP4']
action_idx [ 8  7  7  7  7  7  7  7  7  7 10  7  7  0  7  7  7  7  7  7]
threshold: 0.5907616
activities_idx [7, 7, 7, 7, 7, 7, 7, 7, 7, 7, 7, 7]
start [1, 2, 3, 4, 5, 6, 7, 11, 12, 15, 16, 19]
end [2, 3, 4, 5, 6, 7, 8, 12, 13, 16, 17, 20]
 vid_info:  ['2', 'datasets/7/Dashboard_user_id_24491_NoAudio_1.24491.113.117.MP4']
action_idx [ 8  7  7  7  7  7 10  7  7  7  0  7  7  7  7  8  7  7  7  7]
threshold: 0.5780171
activities_idx [7, 7, 7, 7, 7, 7, 7, 7, 7, 7, 7, 7]
start [2, 3, 4, 5, 7, 8, 9, 11, 12, 13, 17, 18]
end [3, 4, 5, 6, 8, 9, 10, 12, 13, 14, 18, 19]
 vid_info:  ['5', 'datasets/7/Dashboard_user_id_35133_NoAudio_0.35133.360.382.MP4']
action_idx [12  7  7 15  4  4 15 12 12 12 12 12 12 12 12  7 13]
threshold: 0.4665457
activities_idx [7, 15, 4, 12, 12, 12, 12, 7]
start [1, 3, 5, 8, 10, 12, 13, 15]
end [2, 4, 6, 9, 11, 13, 14, 16]
 vid_info:  ['6', 'datasets/7/Dashboard_user_id_35133_NoAudio_2.35133.297.319.MP4']
action_idx [ 4  7  4  7  4  7  7 14 14  7  7  4 12 13  4  7  7  7  7  7  7]
threshold: 0.48671678
activities_idx [4, 7, 7, 14, 7, 4, 7, 7, 7, 7, 7]
start [4, 5, 6, 8, 9, 11, 15, 16, 17, 18, 19]
end [5, 6, 7, 9, 10, 12, 16, 17, 18, 19, 20]
 vid_info:  ['9', 'datasets/7/Dashboard_user_id_49381_NoAudio_0.49381.196.212.MP4']
action_idx [ 7  7  7  7  7  7  7  2  7  7  7 13  7  7  7]
threshold: 0.7230059
activities_idx [7, 7, 7, 7, 7, 7, 7, 7, 7, 7]
start [1, 2, 3, 4, 5, 6, 10, 12, 13, 14]
end [2, 3, 4, 5, 6, 7, 11, 13, 14, 15]
 vid_info:  ['10', 'datasets/7/Dashboard_user_id_49381_NoAudio_1.49381.205.221.MP4']
action_idx [7 7 7 7 7 7 7 7 7 7 7 7 7 7 7]
threshold: 0.76822096
activities_idx [7, 7, 7, 7, 7, 7, 7, 7, 7]
start [0, 2, 3, 4, 5, 7, 9, 10, 13]
end [1, 3, 4, 5, 6, 8, 10, 11, 14]
Summarization  datasets/video_ids_db7.csv [7, 7, 7, 7, 7, 7, 7, 7, 7, 7, 7, 7, 7, 7, 7, 7, 7, 7, 7, 7, 7, 7, 7, 7, 7, 7, 7, 7, 7, 7, 7, 7, 7, 7, 7, 7, 7, 7, 7, 7, 7, 7, 7, 7, 7, 7, 7, 7, 7, 15, 4, 12, 12, 12, 12, 7, 4, 7, 7, 14, 7, 4, 7, 7, 7, 7, 7, 7, 7, 7, 7, 7, 7, 7, 7, 7, 7, 7, 7, 7, 7, 7, 7, 7, 7, 7]
video_ids_file  datasets/video_ids_db8.csv
{'Dashboard_User_id_24026_NoAudio_3.24026.41.59.MP4': ['3', 'datasets/8/Dashboard_User_id_24026_NoAudio_3.24026.41.59.MP4'], 'Dashboard_User_id_24026_NoAudio_4.24026.56.74.MP4': ['4', 'datasets/8/Dashboard_User_id_24026_NoAudio_4.24026.56.74.MP4'], 'Dashboard_User_id_38058_NoAudio_0.38508.107.129.MP4': ['7', 'datasets/8/Dashboard_User_id_38058_NoAudio_0.38508.107.129.MP4'], 'Dashboard_User_id_38058_NoAudio_1.38508.110.132.MP4': ['8', 'datasets/8/Dashboard_User_id_38058_NoAudio_1.38508.110.132.MP4'], 'Dashboard_user_id_24491_NoAudio_0.24491.391.422.MP4': ['1', 'datasets/8/Dashboard_user_id_24491_NoAudio_0.24491.391.422.MP4'], 'Dashboard_user_id_24491_NoAudio_1.24491.285.289.MP4': ['2', 'datasets/8/Dashboard_user_id_24491_NoAudio_1.24491.285.289.MP4'], 'Dashboard_user_id_35133_NoAudio_0.35133.247.270.MP4': ['5', 'datasets/8/Dashboard_user_id_35133_NoAudio_0.35133.247.270.MP4'], 'Dashboard_user_id_35133_NoAudio_2.35133.183.207.MP4': ['6', 'datasets/8/Dashboard_user_id_35133_NoAudio_2.35133.183.207.MP4'], 'Dashboard_user_id_49381_NoAudio_0.49381.358.382.MP4': ['9', 'datasets/8/Dashboard_user_id_49381_NoAudio_0.49381.358.382.MP4'], 'Dashboard_user_id_49381_NoAudio_1.49381.367.391.MP4': ['10', 'datasets/8/Dashboard_user_id_49381_NoAudio_1.49381.367.391.MP4']}
path_to_checkpoint checkpoint_submit/checkpoint_epoch_dashboard_10018_85.71_98.76.pyth
load model x3d_l
epoch_reset False
cfg checkpoint_submit/checkpoint_epoch_dashboard_10018_85.71_98.76.pyth
path_to_checkpoint checkpoint_submit/checkpoint_epoch_dashboard_20018_73.75_97.50.pyth
load model x3d_l
epoch_reset False
cfg checkpoint_submit/checkpoint_epoch_dashboard_20018_73.75_97.50.pyth
path_to_checkpoint checkpoint_submit/checkpoint_epoch_dashboard_30014_78.12_95.62.pyth
load model x3d_l
epoch_reset False
cfg checkpoint_submit/checkpoint_epoch_dashboard_30014_78.12_95.62.pyth
path_to_checkpoint checkpoint_submit/checkpoint_epoch_dashboard_40017_81.88_99.38.pyth
load model x3d_l
epoch_reset False
cfg checkpoint_submit/checkpoint_epoch_dashboard_40017_81.88_99.38.pyth
path_to_checkpoint checkpoint_submit/checkpoint_epoch_dashboard_50012_83.33_97.02.pyth
load model x3d_l
epoch_reset False
cfg checkpoint_submit/checkpoint_epoch_dashboard_50012_83.33_97.02.pyth
datasets/8/Dashboard_User_id_24026_NoAudio_3.24026.41.59.MP4
fps: 30
8 4
datasets/8/Dashboard_User_id_24026_NoAudio_4.24026.56.74.MP4
fps: 30
8 4
datasets/8/Dashboard_User_id_38058_NoAudio_0.38508.107.129.MP4
fps: 30
8 4
datasets/8/Dashboard_User_id_38058_NoAudio_1.38508.110.132.MP4
fps: 30
8 4
datasets/8/Dashboard_user_id_24491_NoAudio_0.24491.391.422.MP4
fps: 30
8 4
datasets/8/Dashboard_user_id_24491_NoAudio_1.24491.285.289.MP4
fps: 30
8 4
datasets/8/Dashboard_user_id_35133_NoAudio_0.35133.247.270.MP4
fps: 30
8 4
datasets/8/Dashboard_user_id_35133_NoAudio_2.35133.183.207.MP4
fps: 30
8 4
datasets/8/Dashboard_user_id_49381_NoAudio_0.49381.358.382.MP4
fps: 30
8 4
datasets/8/Dashboard_user_id_49381_NoAudio_1.49381.367.391.MP4
fps: 30
8 4
 vid_info:  ['3', 'datasets/8/Dashboard_User_id_24026_NoAudio_3.24026.41.59.MP4']
action_idx [ 7  7  7  8  8  8  8  8  8  8  8  8  8  8  8  8  8  8  8  8  8  8  8  8
  8  8  8  8 12]
threshold: 0.385572
activities_idx [8, 8, 8, 8, 8, 8, 8, 8, 8, 8, 8, 8, 8, 8, 8, 8, 8, 8, 8]
start [5, 6, 7, 8, 9, 12, 13, 14, 15, 16, 17, 18, 19, 20, 21, 22, 23, 25, 26]
end [6, 7, 8, 9, 10, 13, 14, 15, 16, 17, 18, 19, 20, 21, 22, 23, 24, 26, 27]
 vid_info:  ['4', 'datasets/8/Dashboard_User_id_24026_NoAudio_4.24026.56.74.MP4']
action_idx [7 8 8]
threshold: 0.48068163
activities_idx [8, 8]
start [1, 2]
end [2, 3]
 vid_info:  ['7', 'datasets/8/Dashboard_User_id_38058_NoAudio_0.38508.107.129.MP4']
action_idx [11 11  8  8  8  8  8  4  8  8  8  8  8  8  8  8]
threshold: 0.48455954
activities_idx [8, 8, 8, 8, 8, 8, 8, 8, 8, 8, 8, 8]
start [3, 4, 5, 6, 8, 9, 10, 11, 12, 13, 14, 15]
end [4, 5, 6, 7, 9, 10, 11, 12, 13, 14, 15, 16]
 vid_info:  ['8', 'datasets/8/Dashboard_User_id_38058_NoAudio_1.38508.110.132.MP4']
action_idx [ 4  7  8  8  8  8  8  8  8  8  8  8  8 12 11 15]
threshold: 0.36995405
activities_idx [8, 8, 8, 8, 8, 8, 15]
start [6, 7, 8, 9, 10, 12, 15]
end [7, 8, 9, 10, 11, 13, 16]
 vid_info:  ['1', 'datasets/8/Dashboard_user_id_24491_NoAudio_0.24491.391.422.MP4']
action_idx [ 7  7  7  8  7  3  7  7 15  8  8  7  7  7  7  7  7  7  7  7 10]
threshold: 0.37085387
activities_idx [7, 7, 15, 7, 7, 7, 7, 7, 7]
start [2, 4, 8, 11, 12, 13, 15, 16, 17]
end [3, 5, 9, 12, 13, 14, 16, 17, 18]
 vid_info:  ['2', 'datasets/8/Dashboard_user_id_24491_NoAudio_1.24491.285.289.MP4']
action_idx [ 0 10  8  8 15  7  7  7  8  7  8  8 15  8 15 10  1 10  8 10 15  7]
threshold: 0.30361456
activities_idx [0, 7, 7, 7, 15]
start [0, 5, 6, 7, 20]
end [1, 6, 7, 8, 21]
 vid_info:  ['5', 'datasets/8/Dashboard_user_id_35133_NoAudio_0.35133.247.270.MP4']
action_idx [15  4  4 11  8  8  8  8  8 13 12 12  7 12  8 13  4  4  4 12]
threshold: 0.37662962
activities_idx [15, 4, 4, 8, 8, 8, 4, 4, 4]
start [0, 1, 2, 5, 6, 7, 16, 17, 18]
end [1, 2, 3, 6, 7, 8, 17, 18, 19]
 vid_info:  ['6', 'datasets/8/Dashboard_user_id_35133_NoAudio_2.35133.183.207.MP4']
action_idx [15 10  8 12 15  7  8 13 10 10 13 15  7 12 11  7  7  7  8 11]
threshold: 0.2055918
activities_idx [15, 10, 8, 15, 7, 15, 11, 7, 11]
start [0, 1, 2, 4, 5, 11, 14, 15, 19]
end [1, 2, 3, 5, 6, 12, 15, 16, 20]
 vid_info:  ['9', 'datasets/8/Dashboard_user_id_49381_NoAudio_0.49381.358.382.MP4']
action_idx [ 8  8  8 11  8  8  8  8 11  8  8  8  8  8  8  8  8  8  8  8  8  8]
threshold: 0.62794983
activities_idx [8, 8, 8, 8, 8, 8, 8, 8, 8, 8, 8, 8, 8, 8, 8]
start [1, 4, 5, 6, 10, 11, 12, 13, 14, 15, 16, 18, 19, 20, 21]
end [2, 5, 6, 7, 11, 12, 13, 14, 15, 16, 17, 19, 20, 21, 22]
 vid_info:  ['10', 'datasets/8/Dashboard_user_id_49381_NoAudio_1.49381.367.391.MP4']
action_idx [8 8 8 8 8 8 8 8 8 8 8 8 8 8 8 8 8 8 8 8 8 8]
threshold: 0.78056407
activities_idx [8, 8, 8, 8, 8, 8, 8, 8, 8, 8, 8, 8, 8, 8, 8, 8]
start [0, 1, 2, 3, 4, 5, 6, 7, 8, 10, 12, 15, 16, 17, 18, 19]
end [1, 2, 3, 4, 5, 6, 7, 8, 9, 11, 13, 16, 17, 18, 19, 20]
Summarization  datasets/video_ids_db8.csv [8, 8, 8, 8, 8, 8, 8, 8, 8, 8, 8, 8, 8, 8, 8, 8, 8, 8, 8, 8, 8, 8, 8, 8, 8, 8, 8, 8, 8, 8, 8, 8, 8, 8, 8, 8, 8, 8, 8, 15, 7, 7, 15, 7, 7, 7, 7, 7, 7, 0, 7, 7, 7, 15, 15, 4, 4, 8, 8, 8, 4, 4, 4, 15, 10, 8, 15, 7, 15, 11, 7, 11, 8, 8, 8, 8, 8, 8, 8, 8, 8, 8, 8, 8, 8, 8, 8, 8, 8, 8, 8, 8, 8, 8, 8, 8, 8, 8, 8, 8, 8, 8, 8]
video_ids_file  datasets/video_ids_db9.csv
{'Dashboard_User_id_24026_NoAudio_3.24026.8.31.MP4': ['3', 'datasets/9/Dashboard_User_id_24026_NoAudio_3.24026.8.31.MP4'], 'Dashboard_User_id_24026_NoAudio_4.24026.23.46.MP4': ['4', 'datasets/9/Dashboard_User_id_24026_NoAudio_4.24026.23.46.MP4'], 'Dashboard_User_id_38058_NoAudio_0.38508.325.350.MP4': ['7', 'datasets/9/Dashboard_User_id_38058_NoAudio_0.38508.325.350.MP4'], 'Dashboard_User_id_38058_NoAudio_1.38508.328.353.MP4': ['8', 'datasets/9/Dashboard_User_id_38058_NoAudio_1.38508.328.353.MP4'], 'Dashboard_user_id_24491_NoAudio_0.24491.505.509.MP4': ['1', 'datasets/9/Dashboard_user_id_24491_NoAudio_0.24491.505.509.MP4'], 'Dashboard_user_id_24491_NoAudio_1.24491.411.414.MP4': ['2', 'datasets/9/Dashboard_user_id_24491_NoAudio_1.24491.411.414.MP4'], 'Dashboard_user_id_35133_NoAudio_0.35133.422.445.MP4': ['5', 'datasets/9/Dashboard_user_id_35133_NoAudio_0.35133.422.445.MP4'], 'Dashboard_user_id_35133_NoAudio_2.35133.359.380.MP4': ['6', 'datasets/9/Dashboard_user_id_35133_NoAudio_2.35133.359.380.MP4'], 'Dashboard_user_id_49381_NoAudio_0.49381.426.442.MP4': ['9', 'datasets/9/Dashboard_user_id_49381_NoAudio_0.49381.426.442.MP4'], 'Dashboard_user_id_49381_NoAudio_1.49381.435.451.MP4': ['10', 'datasets/9/Dashboard_user_id_49381_NoAudio_1.49381.435.451.MP4']}
path_to_checkpoint checkpoint_submit/checkpoint_epoch_dashboard_10018_85.71_98.76.pyth
load model x3d_l
epoch_reset False
cfg checkpoint_submit/checkpoint_epoch_dashboard_10018_85.71_98.76.pyth
path_to_checkpoint checkpoint_submit/checkpoint_epoch_dashboard_20018_73.75_97.50.pyth
load model x3d_l
epoch_reset False
cfg checkpoint_submit/checkpoint_epoch_dashboard_20018_73.75_97.50.pyth
path_to_checkpoint checkpoint_submit/checkpoint_epoch_dashboard_30014_78.12_95.62.pyth
load model x3d_l
epoch_reset False
cfg checkpoint_submit/checkpoint_epoch_dashboard_30014_78.12_95.62.pyth
path_to_checkpoint checkpoint_submit/checkpoint_epoch_dashboard_40017_81.88_99.38.pyth
load model x3d_l
epoch_reset False
cfg checkpoint_submit/checkpoint_epoch_dashboard_40017_81.88_99.38.pyth
path_to_checkpoint checkpoint_submit/checkpoint_epoch_dashboard_50012_83.33_97.02.pyth
load model x3d_l
epoch_reset False
cfg checkpoint_submit/checkpoint_epoch_dashboard_50012_83.33_97.02.pyth
datasets/9/Dashboard_User_id_24026_NoAudio_3.24026.8.31.MP4
fps: 30
8 4
datasets/9/Dashboard_User_id_24026_NoAudio_4.24026.23.46.MP4
fps: 30
8 4
datasets/9/Dashboard_User_id_38058_NoAudio_0.38508.325.350.MP4
fps: 30
8 4
datasets/9/Dashboard_User_id_38058_NoAudio_1.38508.328.353.MP4
fps: 30
8 4
datasets/9/Dashboard_user_id_24491_NoAudio_0.24491.505.509.MP4
fps: 30
8 4
datasets/9/Dashboard_user_id_24491_NoAudio_1.24491.411.414.MP4
fps: 30
8 4
datasets/9/Dashboard_user_id_35133_NoAudio_0.35133.422.445.MP4
fps: 30
8 4
datasets/9/Dashboard_user_id_35133_NoAudio_2.35133.359.380.MP4
fps: 30
8 4
datasets/9/Dashboard_user_id_49381_NoAudio_0.49381.426.442.MP4
fps: 30
8 4
datasets/9/Dashboard_user_id_49381_NoAudio_1.49381.435.451.MP4
fps: 30
8 4
 vid_info:  ['3', 'datasets/9/Dashboard_User_id_24026_NoAudio_3.24026.8.31.MP4']
action_idx [8 9 9]
threshold: 0.5753219
activities_idx [9]
start [1]
end [2]
 vid_info:  ['4', 'datasets/9/Dashboard_User_id_24026_NoAudio_4.24026.23.46.MP4']
action_idx [1 9]
threshold: 0.51129544
activities_idx [9]
start [1]
end [2]
 vid_info:  ['7', 'datasets/9/Dashboard_User_id_38058_NoAudio_0.38508.325.350.MP4']
action_idx [ 9  9  9  9  7  7  7  7  7  7  9  9  7  7 12 12 12  7  9  7 12]
threshold: 0.49817252
activities_idx [9, 9, 9, 9, 7, 7, 7, 9, 7]
start [0, 1, 2, 3, 6, 7, 12, 18, 19]
end [1, 2, 3, 4, 7, 8, 13, 19, 20]
 vid_info:  ['8', 'datasets/9/Dashboard_User_id_38058_NoAudio_1.38508.328.353.MP4']
action_idx [12  9  9  9  7  9  9  7  7  7  7 10  7  9 10 10  7  7  7  7  7]
threshold: 0.45647222
activities_idx [9, 9, 9, 9, 7, 7, 7, 7, 7]
start [1, 2, 3, 6, 12, 16, 17, 19, 20]
end [2, 3, 4, 7, 13, 17, 18, 20, 21]
 vid_info:  ['1', 'datasets/9/Dashboard_user_id_24491_NoAudio_0.24491.505.509.MP4']
action_idx [ 8  9 12  7  9 10  9  7  9  9  7  7  9  9  7  7  9  9  7  7  7]
threshold: 0.42334148
activities_idx [9, 9, 9, 7, 9, 9, 7]
start [1, 9, 13, 14, 16, 17, 18]
end [2, 10, 14, 15, 17, 18, 19]
 vid_info:  ['2', 'datasets/9/Dashboard_user_id_24491_NoAudio_1.24491.411.414.MP4']
action_idx [ 0  9  9 10  7  9  9  7  9  9  9  7  9  9  7  9  9  7  9]
threshold: 0.5324413
activities_idx [9, 9, 9, 9, 9, 9, 9]
start [2, 5, 6, 9, 10, 12, 13]
end [3, 6, 7, 10, 11, 13, 14]
 vid_info:  ['5', 'datasets/9/Dashboard_user_id_35133_NoAudio_0.35133.422.445.MP4']
action_idx [ 9  9  9  9  9  9  9  9 13  9  9  9  9  9  9  9  9  9  9 15  4  4  4]
threshold: 0.7181021
activities_idx [9, 9, 9, 9, 9, 9, 9, 9, 9, 9, 9, 4]
start [1, 2, 3, 4, 6, 10, 11, 15, 16, 17, 18, 22]
end [2, 3, 4, 5, 7, 11, 12, 16, 17, 18, 19, 23]
 vid_info:  ['6', 'datasets/9/Dashboard_user_id_35133_NoAudio_2.35133.359.380.MP4']
action_idx [ 4 10  9 10 10 10 10  9  9  9  9  9  9 15 10 15  4  9  9  9  9  9  9]
threshold: 0.6268892
activities_idx [4, 9, 9, 15, 9, 9, 9, 9]
start [0, 8, 12, 15, 18, 19, 20, 21]
end [1, 9, 13, 16, 19, 20, 21, 22]
 vid_info:  ['9', 'datasets/9/Dashboard_user_id_49381_NoAudio_0.49381.426.442.MP4']
action_idx [13  9  9  9  9  9  9  9  9  9  9  9  9  9  9]
threshold: 0.8454613
activities_idx [9, 9, 9, 9, 9, 9, 9, 9, 9]
start [2, 3, 4, 5, 6, 7, 8, 9, 10]
end [3, 4, 5, 6, 7, 8, 9, 10, 11]
 vid_info:  ['10', 'datasets/9/Dashboard_user_id_49381_NoAudio_1.49381.435.451.MP4']
action_idx [9 9 9 9 9 9 9 9 9 9 9 9 9 9 1]
threshold: 0.7108888
activities_idx [9, 9, 9, 9, 9, 9, 9, 9]
start [1, 2, 3, 5, 6, 10, 12, 13]
end [2, 3, 4, 6, 7, 11, 13, 14]
Summarization  datasets/video_ids_db9.csv [9, 9, 9, 9, 9, 9, 7, 7, 7, 9, 7, 9, 9, 9, 9, 7, 7, 7, 7, 7, 9, 9, 9, 7, 9, 9, 7, 9, 9, 9, 9, 9, 9, 9, 9, 9, 9, 9, 9, 9, 9, 9, 9, 9, 9, 4, 4, 9, 9, 15, 9, 9, 9, 9, 9, 9, 9, 9, 9, 9, 9, 9, 9, 9, 9, 9, 9, 9, 9, 9, 9]
video_ids_file  datasets/video_ids_db10.csv
{'Dashboard_User_id_24026_NoAudio_3.24026.483.505.MP4': ['3', 'datasets/10/Dashboard_User_id_24026_NoAudio_3.24026.483.505.MP4'], 'Dashboard_User_id_24026_NoAudio_4.24026.499.521.MP4': ['4', 'datasets/10/Dashboard_User_id_24026_NoAudio_4.24026.499.521.MP4'], 'Dashboard_User_id_38058_NoAudio_0.38508.297.315.MP4': ['7', 'datasets/10/Dashboard_User_id_38058_NoAudio_0.38508.297.315.MP4'], 'Dashboard_User_id_38058_NoAudio_1.38508.301.319.MP4': ['8', 'datasets/10/Dashboard_User_id_38058_NoAudio_1.38508.301.319.MP4'], 'Dashboard_user_id_24491_NoAudio_0.24491.268.274.MP4': ['1', 'datasets/10/Dashboard_user_id_24491_NoAudio_0.24491.268.274.MP4'], 'Dashboard_user_id_24491_NoAudio_1.24491.173.177.MP4': ['2', 'datasets/10/Dashboard_user_id_24491_NoAudio_1.24491.173.177.MP4'], 'Dashboard_user_id_35133_NoAudio_0.35133.479.504.MP4': ['5', 'datasets/10/Dashboard_user_id_35133_NoAudio_0.35133.479.504.MP4'], 'Dashboard_user_id_35133_NoAudio_2.35133.416.440.MP4': ['6', 'datasets/10/Dashboard_user_id_35133_NoAudio_2.35133.416.440.MP4'], 'Dashboard_user_id_49381_NoAudio_0.49381.479.494.MP4': ['9', 'datasets/10/Dashboard_user_id_49381_NoAudio_0.49381.479.494.MP4'], 'Dashboard_user_id_49381_NoAudio_1.49381.488.503.MP4': ['10', 'datasets/10/Dashboard_user_id_49381_NoAudio_1.49381.488.503.MP4']}
path_to_checkpoint checkpoint_submit/checkpoint_epoch_dashboard_10018_85.71_98.76.pyth
load model x3d_l
epoch_reset False
cfg checkpoint_submit/checkpoint_epoch_dashboard_10018_85.71_98.76.pyth
path_to_checkpoint checkpoint_submit/checkpoint_epoch_dashboard_20018_73.75_97.50.pyth
load model x3d_l
epoch_reset False
cfg checkpoint_submit/checkpoint_epoch_dashboard_20018_73.75_97.50.pyth
path_to_checkpoint checkpoint_submit/checkpoint_epoch_dashboard_30014_78.12_95.62.pyth
load model x3d_l
epoch_reset False
cfg checkpoint_submit/checkpoint_epoch_dashboard_30014_78.12_95.62.pyth
path_to_checkpoint checkpoint_submit/checkpoint_epoch_dashboard_40017_81.88_99.38.pyth
load model x3d_l
epoch_reset False
cfg checkpoint_submit/checkpoint_epoch_dashboard_40017_81.88_99.38.pyth
path_to_checkpoint checkpoint_submit/checkpoint_epoch_dashboard_50012_83.33_97.02.pyth
load model x3d_l
epoch_reset False
cfg checkpoint_submit/checkpoint_epoch_dashboard_50012_83.33_97.02.pyth
datasets/10/Dashboard_User_id_24026_NoAudio_3.24026.483.505.MP4
fps: 30
8 4
datasets/10/Dashboard_User_id_24026_NoAudio_4.24026.499.521.MP4
fps: 30
8 4
datasets/10/Dashboard_User_id_38058_NoAudio_0.38508.297.315.MP4
fps: 30
8 4
datasets/10/Dashboard_User_id_38058_NoAudio_1.38508.301.319.MP4
fps: 30
8 4
datasets/10/Dashboard_user_id_24491_NoAudio_0.24491.268.274.MP4
fps: 30
8 4
datasets/10/Dashboard_user_id_24491_NoAudio_1.24491.173.177.MP4
fps: 30
8 4
datasets/10/Dashboard_user_id_35133_NoAudio_0.35133.479.504.MP4
fps: 30
8 4
datasets/10/Dashboard_user_id_35133_NoAudio_2.35133.416.440.MP4
fps: 30
8 4
datasets/10/Dashboard_user_id_49381_NoAudio_0.49381.479.494.MP4
fps: 30
8 4
datasets/10/Dashboard_user_id_49381_NoAudio_1.49381.488.503.MP4
fps: 30
8 4
 vid_info:  ['3', 'datasets/10/Dashboard_User_id_24026_NoAudio_3.24026.483.505.MP4']
action_idx [12  9  7 10 10]
threshold: 0.44309998
activities_idx [7, 10, 10]
start [2, 3, 4]
end [3, 4, 5]
 vid_info:  ['4', 'datasets/10/Dashboard_User_id_24026_NoAudio_4.24026.499.521.MP4']
action_idx [ 7 10  7]
threshold: 0.4826448
activities_idx [7, 7]
start [0, 2]
end [1, 3]
 vid_info:  ['7', 'datasets/10/Dashboard_User_id_38058_NoAudio_0.38508.297.315.MP4']
action_idx [12 10  7  7  7  7  7  7  7  7  7  7  7  7  7  7  7  7  7  7]
threshold: 0.45457372
activities_idx [12, 10, 7, 7, 7, 7, 7, 7, 7, 7, 7]
start [0, 1, 2, 3, 4, 6, 9, 11, 15, 17, 19]
end [1, 2, 3, 4, 5, 7, 10, 12, 16, 18, 20]
 vid_info:  ['8', 'datasets/10/Dashboard_User_id_38058_NoAudio_1.38508.301.319.MP4']
action_idx [12  7 10  7  7  7  7  7  7  7  7  7  7  7 10  7  7  7  7  7]
threshold: 0.39462072
activities_idx [7, 10, 7, 7, 7, 7, 7, 7, 7, 7]
start [1, 2, 3, 4, 5, 6, 8, 11, 12, 13]
end [2, 3, 4, 5, 6, 7, 9, 12, 13, 14]
 vid_info:  ['1', 'datasets/10/Dashboard_user_id_24491_NoAudio_0.24491.268.274.MP4']
action_idx [ 8  7  7  7 10  7 10 10  7 10  7  7  7 12  7  7 10  8  7  7  7  7  7]
threshold: 0.4919641
activities_idx [7, 7, 7, 7, 7, 10, 7, 7, 7, 7, 7, 7]
start [1, 2, 3, 5, 8, 9, 10, 11, 14, 15, 19, 22]
end [2, 3, 4, 6, 9, 10, 11, 12, 15, 16, 20, 23]
 vid_info:  ['2', 'datasets/10/Dashboard_user_id_24491_NoAudio_1.24491.173.177.MP4']
action_idx [ 8  7  7  7 10 10 10  7 10  7  7  7 10 15 10 10  7 10 10 10  8  8]
threshold: 0.47412297
activities_idx [7, 7, 10, 10, 7, 7, 7, 10, 10, 10, 10, 10]
start [1, 3, 5, 6, 9, 10, 11, 12, 14, 15, 18, 19]
end [2, 4, 6, 7, 10, 11, 12, 13, 15, 16, 19, 20]
 vid_info:  ['5', 'datasets/10/Dashboard_user_id_35133_NoAudio_0.35133.479.504.MP4']
action_idx [ 7  9  7 15  7  7  7  7  7  7  7  7  7 10 13  4]
threshold: 0.55696684
activities_idx [7, 7, 7, 7, 7, 7, 7, 4]
start [0, 4, 6, 7, 8, 11, 12, 15]
end [1, 5, 7, 8, 9, 12, 13, 16]
 vid_info:  ['6', 'datasets/10/Dashboard_user_id_35133_NoAudio_2.35133.416.440.MP4']
action_idx [10  7  7  7  7  7  7  7  7  7  7  7  4 12  4 15]
threshold: 0.599118
activities_idx [7, 7, 7, 7, 7, 7, 7, 4]
start [2, 6, 7, 8, 9, 10, 11, 14]
end [3, 7, 8, 9, 10, 11, 12, 15]
 vid_info:  ['9', 'datasets/10/Dashboard_user_id_49381_NoAudio_0.49381.479.494.MP4']
action_idx [ 8  9  9  9  9  9  9  7  7  7  7  9 12 12]
threshold: 0.46978846
activities_idx [9, 9, 9, 7, 9]
start [1, 2, 4, 7, 11]
end [2, 3, 5, 8, 12]
 vid_info:  ['10', 'datasets/10/Dashboard_user_id_49381_NoAudio_1.49381.488.503.MP4']
action_idx [10 10 10  7 10  2  2  2  9  9  7  7 13  2]
threshold: 0.27495614
activities_idx [10, 10, 10, 2, 2, 9]
start [0, 1, 2, 6, 7, 8]
end [1, 2, 3, 7, 8, 9]
Summarization  datasets/video_ids_db10.csv [7, 10, 10, 7, 7, 12, 10, 7, 7, 7, 7, 7, 7, 7, 7, 7, 7, 10, 7, 7, 7, 7, 7, 7, 7, 7, 7, 7, 7, 7, 7, 10, 7, 7, 7, 7, 7, 7, 7, 7, 10, 10, 7, 7, 7, 10, 10, 10, 10, 10, 7, 7, 7, 7, 7, 7, 7, 4, 7, 7, 7, 7, 7, 7, 7, 4, 9, 9, 9, 7, 9, 10, 10, 10, 2, 2, 9]
video_ids_file  datasets/video_ids_db11.csv
{'Dashboard_User_id_24026_NoAudio_3.24026.157.179.MP4': ['3', 'datasets/11/Dashboard_User_id_24026_NoAudio_3.24026.157.179.MP4'], 'Dashboard_User_id_24026_NoAudio_4.24026.172.194.MP4': ['4', 'datasets/11/Dashboard_User_id_24026_NoAudio_4.24026.172.194.MP4'], 'Dashboard_User_id_38058_NoAudio_0.38508.265.288.MP4': ['7', 'datasets/11/Dashboard_User_id_38058_NoAudio_0.38508.265.288.MP4'], 'Dashboard_User_id_38058_NoAudio_1.38508.267.292.MP4': ['8', 'datasets/11/Dashboard_User_id_38058_NoAudio_1.38508.267.292.MP4'], 'Dashboard_user_id_24491_NoAudio_0.24491.606.625.MP4': ['1', 'datasets/11/Dashboard_user_id_24491_NoAudio_0.24491.606.625.MP4'], 'Dashboard_user_id_24491_NoAudio_1.24491.516.524.MP4': ['2', 'datasets/11/Dashboard_user_id_24491_NoAudio_1.24491.516.524.MP4'], 'Dashboard_user_id_35133_NoAudio_0.35133.71.94.MP4': ['5', 'datasets/11/Dashboard_user_id_35133_NoAudio_0.35133.71.94.MP4'], 'Dashboard_user_id_35133_NoAudio_2.35133.9.32.MP4': ['6', 'datasets/11/Dashboard_user_id_35133_NoAudio_2.35133.9.32.MP4'], 'Dashboard_user_id_49381_NoAudio_0.49381.222.237.MP4': ['9', 'datasets/11/Dashboard_user_id_49381_NoAudio_0.49381.222.237.MP4'], 'Dashboard_user_id_49381_NoAudio_1.49381.231.246.MP4': ['10', 'datasets/11/Dashboard_user_id_49381_NoAudio_1.49381.231.246.MP4']}
path_to_checkpoint checkpoint_submit/checkpoint_epoch_dashboard_10018_85.71_98.76.pyth
load model x3d_l
epoch_reset False
cfg checkpoint_submit/checkpoint_epoch_dashboard_10018_85.71_98.76.pyth
path_to_checkpoint checkpoint_submit/checkpoint_epoch_dashboard_20018_73.75_97.50.pyth
load model x3d_l
epoch_reset False
cfg checkpoint_submit/checkpoint_epoch_dashboard_20018_73.75_97.50.pyth
path_to_checkpoint checkpoint_submit/checkpoint_epoch_dashboard_30014_78.12_95.62.pyth
load model x3d_l
epoch_reset False
cfg checkpoint_submit/checkpoint_epoch_dashboard_30014_78.12_95.62.pyth
path_to_checkpoint checkpoint_submit/checkpoint_epoch_dashboard_40017_81.88_99.38.pyth
load model x3d_l
epoch_reset False
cfg checkpoint_submit/checkpoint_epoch_dashboard_40017_81.88_99.38.pyth
path_to_checkpoint checkpoint_submit/checkpoint_epoch_dashboard_50012_83.33_97.02.pyth
load model x3d_l
epoch_reset False
cfg checkpoint_submit/checkpoint_epoch_dashboard_50012_83.33_97.02.pyth
datasets/11/Dashboard_User_id_24026_NoAudio_3.24026.157.179.MP4
fps: 30
8 4
datasets/11/Dashboard_User_id_24026_NoAudio_4.24026.172.194.MP4
fps: 30
8 4
datasets/11/Dashboard_User_id_38058_NoAudio_0.38508.265.288.MP4
fps: 30
8 4
datasets/11/Dashboard_User_id_38058_NoAudio_1.38508.267.292.MP4
fps: 30
8 4
datasets/11/Dashboard_user_id_24491_NoAudio_0.24491.606.625.MP4
fps: 30
8 4
datasets/11/Dashboard_user_id_24491_NoAudio_1.24491.516.524.MP4
fps: 30
8 4
datasets/11/Dashboard_user_id_35133_NoAudio_0.35133.71.94.MP4
fps: 30
8 4
datasets/11/Dashboard_user_id_35133_NoAudio_2.35133.9.32.MP4
fps: 30
8 4
datasets/11/Dashboard_user_id_49381_NoAudio_0.49381.222.237.MP4
fps: 30
8 4
datasets/11/Dashboard_user_id_49381_NoAudio_1.49381.231.246.MP4
fps: 30
8 4
 vid_info:  ['3', 'datasets/11/Dashboard_User_id_24026_NoAudio_3.24026.157.179.MP4']
action_idx [ 5 15 15 11 15 15 15 15 15 11 15  4  4 11  8  4 11]
threshold: 0.34052637
activities_idx [15, 15, 15, 15, 15]
start [1, 5, 6, 7, 8]
end [2, 6, 7, 8, 9]
 vid_info:  ['4', 'datasets/11/Dashboard_User_id_24026_NoAudio_4.24026.172.194.MP4']
action_idx [ 4 12 11  8 11 11 11]
threshold: 0.36234716
activities_idx [8, 11]
start [3, 5]
end [4, 6]
 vid_info:  ['7', 'datasets/11/Dashboard_User_id_38058_NoAudio_0.38508.265.288.MP4']
action_idx [12 12 12 12 12 12 12 12 12 12 11 12 12 12 12 12 12 12 12 12]
threshold: 0.73378664
activities_idx [12, 12, 12, 12, 12, 12, 12, 12, 12, 12]
start [1, 2, 4, 5, 11, 13, 14, 15, 16, 19]
end [2, 3, 5, 6, 12, 14, 15, 16, 17, 20]
 vid_info:  ['8', 'datasets/11/Dashboard_User_id_38058_NoAudio_1.38508.267.292.MP4']
action_idx [12 12 12 12 12 12 12 12 12 12 12 12 12 12 12 12 12 12 12 12]
threshold: 0.67592895
activities_idx [12, 12, 12, 12, 12, 12, 12, 12, 12, 12, 12]
start [1, 2, 3, 4, 5, 6, 7, 8, 9, 10, 13]
end [2, 3, 4, 5, 6, 7, 8, 9, 10, 11, 14]
 vid_info:  ['1', 'datasets/11/Dashboard_user_id_24491_NoAudio_0.24491.606.625.MP4']
action_idx [12 12 12 12 12 12 12 12 12 12 12 12 12 12 12 12 12 12  8 10 12]
threshold: 0.47028124
activities_idx [12, 12, 12, 12, 12, 12, 12, 12, 12, 12, 12]
start [1, 2, 4, 5, 9, 10, 12, 13, 15, 16, 17]
end [2, 3, 5, 6, 10, 11, 13, 14, 16, 17, 18]
 vid_info:  ['2', 'datasets/11/Dashboard_user_id_24491_NoAudio_1.24491.516.524.MP4']
action_idx [ 7  7  7 12 12 15  7  7  8  7  7  7  7 12  7  7  7 12 15 15  7]
threshold: 0.31971338
activities_idx [7, 7, 7, 12, 7, 7, 7, 7, 7, 7, 15]
start [0, 1, 2, 3, 6, 7, 9, 10, 15, 16, 19]
end [1, 2, 3, 4, 7, 8, 10, 11, 16, 17, 20]
 vid_info:  ['5', 'datasets/11/Dashboard_user_id_35133_NoAudio_0.35133.71.94.MP4']
action_idx [12 13 12 12 12 12 12 15 12 12 15 12 12 13 13  4 12 12 15  4  4]
threshold: 0.5853177
activities_idx [12, 12, 12, 15, 12, 12, 4, 15, 4, 4]
start [2, 3, 6, 7, 11, 12, 15, 18, 19, 20]
end [3, 4, 7, 8, 12, 13, 16, 19, 20, 21]
 vid_info:  ['6', 'datasets/11/Dashboard_user_id_35133_NoAudio_2.35133.9.32.MP4']
action_idx [12 12 15 15  4  4  4 15 15 15 15 15 15 12 12  4  4 15 12 15  4  4 15]
threshold: 0.70200664
activities_idx [12, 15, 15, 4, 4, 4, 15, 15, 15, 15, 15, 4, 4, 4]
start [0, 2, 3, 4, 5, 6, 8, 9, 10, 11, 12, 15, 16, 20]
end [1, 3, 4, 5, 6, 7, 9, 10, 11, 12, 13, 16, 17, 21]
 vid_info:  ['9', 'datasets/11/Dashboard_user_id_49381_NoAudio_0.49381.222.237.MP4']
action_idx [12 12 12 12 12 12 12 12 12 11 12 12 12 12]
threshold: 0.6280809
activities_idx [12, 12, 12, 12, 12, 12, 12, 12]
start [1, 2, 5, 6, 7, 11, 12, 13]
end [2, 3, 6, 7, 8, 12, 13, 14]
 vid_info:  ['10', 'datasets/11/Dashboard_user_id_49381_NoAudio_1.49381.231.246.MP4']
action_idx [12 12 12 12 12 12 12 12 12 12 11 12 11 12]
threshold: 0.64258903
activities_idx [12, 12, 12, 12, 12, 12, 12]
start [0, 1, 2, 3, 4, 5, 7]
end [1, 2, 3, 4, 5, 6, 8]
Summarization  datasets/video_ids_db11.csv [15, 15, 15, 15, 15, 8, 11, 12, 12, 12, 12, 12, 12, 12, 12, 12, 12, 12, 12, 12, 12, 12, 12, 12, 12, 12, 12, 12, 12, 12, 12, 12, 12, 12, 12, 12, 12, 12, 12, 7, 7, 7, 12, 7, 7, 7, 7, 7, 7, 15, 12, 12, 12, 15, 12, 12, 4, 15, 4, 4, 12, 15, 15, 4, 4, 4, 15, 15, 15, 15, 15, 4, 4, 4, 12, 12, 12, 12, 12, 12, 12, 12, 12, 12, 12, 12, 12, 12, 12]
video_ids_file  datasets/video_ids_db12.csv
{'Dashboard_User_id_24026_NoAudio_3.24026.455.473.MP4': ['3', 'datasets/12/Dashboard_User_id_24026_NoAudio_3.24026.455.473.MP4'], 'Dashboard_User_id_24026_NoAudio_4.24026.471.489.MP4': ['4', 'datasets/12/Dashboard_User_id_24026_NoAudio_4.24026.471.489.MP4'], 'Dashboard_User_id_38058_NoAudio_0.38508.511.532.MP4': ['7', 'datasets/12/Dashboard_User_id_38058_NoAudio_0.38508.511.532.MP4'], 'Dashboard_User_id_38058_NoAudio_1.38508.534.555.MP4': ['8', 'datasets/12/Dashboard_User_id_38058_NoAudio_1.38508.534.555.MP4'], 'Dashboard_user_id_24491_NoAudio_0.24491.638.650.MP4': ['1', 'datasets/12/Dashboard_user_id_24491_NoAudio_0.24491.638.650.MP4'], 'Dashboard_user_id_24491_NoAudio_1.24491.544.552.MP4': ['2', 'datasets/12/Dashboard_user_id_24491_NoAudio_1.24491.544.552.MP4'], 'Dashboard_user_id_35133_NoAudio_0.35133.513.532.MP4': ['5', 'datasets/12/Dashboard_user_id_35133_NoAudio_0.35133.513.532.MP4'], 'Dashboard_user_id_35133_NoAudio_2.35133.449.468.MP4': ['6', 'datasets/12/Dashboard_user_id_35133_NoAudio_2.35133.449.468.MP4'], 'Dashboard_user_id_49381_NoAudio_0.49381.305.321.MP4': ['9', 'datasets/12/Dashboard_user_id_49381_NoAudio_0.49381.305.321.MP4'], 'Dashboard_user_id_49381_NoAudio_1.49381.313.330.MP4': ['10', 'datasets/12/Dashboard_user_id_49381_NoAudio_1.49381.313.330.MP4']}
path_to_checkpoint checkpoint_submit/checkpoint_epoch_dashboard_10018_85.71_98.76.pyth
load model x3d_l
epoch_reset False
cfg checkpoint_submit/checkpoint_epoch_dashboard_10018_85.71_98.76.pyth
path_to_checkpoint checkpoint_submit/checkpoint_epoch_dashboard_20018_73.75_97.50.pyth
load model x3d_l
epoch_reset False
cfg checkpoint_submit/checkpoint_epoch_dashboard_20018_73.75_97.50.pyth
path_to_checkpoint checkpoint_submit/checkpoint_epoch_dashboard_30014_78.12_95.62.pyth
load model x3d_l
epoch_reset False
cfg checkpoint_submit/checkpoint_epoch_dashboard_30014_78.12_95.62.pyth
path_to_checkpoint checkpoint_submit/checkpoint_epoch_dashboard_40017_81.88_99.38.pyth
load model x3d_l
epoch_reset False
cfg checkpoint_submit/checkpoint_epoch_dashboard_40017_81.88_99.38.pyth
path_to_checkpoint checkpoint_submit/checkpoint_epoch_dashboard_50012_83.33_97.02.pyth
load model x3d_l
epoch_reset False
cfg checkpoint_submit/checkpoint_epoch_dashboard_50012_83.33_97.02.pyth
datasets/12/Dashboard_User_id_24026_NoAudio_3.24026.455.473.MP4
fps: 30
8 4
datasets/12/Dashboard_User_id_24026_NoAudio_4.24026.471.489.MP4
fps: 30
8 4
datasets/12/Dashboard_User_id_38058_NoAudio_0.38508.511.532.MP4
fps: 30
8 4
datasets/12/Dashboard_User_id_38058_NoAudio_1.38508.534.555.MP4
fps: 30
8 4
datasets/12/Dashboard_user_id_24491_NoAudio_0.24491.638.650.MP4
fps: 30
8 4
datasets/12/Dashboard_user_id_24491_NoAudio_1.24491.544.552.MP4
fps: 30
8 4
datasets/12/Dashboard_user_id_35133_NoAudio_0.35133.513.532.MP4
fps: 30
8 4
datasets/12/Dashboard_user_id_35133_NoAudio_2.35133.449.468.MP4
fps: 30
8 4
datasets/12/Dashboard_user_id_49381_NoAudio_0.49381.305.321.MP4
fps: 30
8 4
datasets/12/Dashboard_user_id_49381_NoAudio_1.49381.313.330.MP4
fps: 30
8 4
 vid_info:  ['3', 'datasets/12/Dashboard_User_id_24026_NoAudio_3.24026.455.473.MP4']
action_idx [ 5  7 12 12 12 12 12 12 12 12 12]
threshold: 0.56987
activities_idx [12, 12, 12, 12, 12, 12]
start [2, 4, 5, 6, 7, 8]
end [3, 5, 6, 7, 8, 9]
 vid_info:  ['4', 'datasets/12/Dashboard_User_id_24026_NoAudio_4.24026.471.489.MP4']
action_idx [ 4  7  7  7  7 12 12]
threshold: 0.53017133
activities_idx [7, 7]
start [1, 3]
end [2, 4]
 vid_info:  ['7', 'datasets/12/Dashboard_User_id_38058_NoAudio_0.38508.511.532.MP4']
action_idx [12 12 12 12 12 12 12 12 12 12 12 12 12 12 12  8]
threshold: 0.6076381
activities_idx [12, 12, 12, 12, 12, 12, 12, 12, 12, 12]
start [0, 1, 2, 3, 4, 5, 6, 7, 8, 10]
end [1, 2, 3, 4, 5, 6, 7, 8, 9, 11]
 vid_info:  ['8', 'datasets/12/Dashboard_User_id_38058_NoAudio_1.38508.534.555.MP4']
action_idx [12 12 12 12 12 12 12 12 12 12 12 12 12 12 12 12]
threshold: 0.614122
activities_idx [12, 12, 12, 12, 12, 12, 12, 12, 12]
start [1, 3, 5, 7, 8, 9, 11, 12, 15]
end [2, 4, 6, 8, 9, 10, 12, 13, 16]
 vid_info:  ['1', 'datasets/12/Dashboard_user_id_24491_NoAudio_0.24491.638.650.MP4']
action_idx [ 7  7  7  7  7  7  7  7 12  7  7  7  7  7  7  7  7]
threshold: 0.48175076
activities_idx [7, 7, 7, 7, 7, 7, 7]
start [0, 4, 5, 6, 7, 15, 16]
end [1, 5, 6, 7, 8, 16, 17]
 vid_info:  ['2', 'datasets/12/Dashboard_user_id_24491_NoAudio_1.24491.544.552.MP4']
action_idx [ 8  7  7  7  7  7  7  7  7 12 13  1  7  7  7  7  7]
threshold: 0.49620107
activities_idx [7, 7, 7, 7, 7, 7, 7, 7, 7, 7]
start [2, 3, 4, 5, 6, 7, 8, 12, 13, 16]
end [3, 4, 5, 6, 7, 8, 9, 13, 14, 17]
 vid_info:  ['5', 'datasets/12/Dashboard_user_id_35133_NoAudio_0.35133.513.532.MP4']
action_idx [15 15 12 12 15 15 12 15 15 13 12  4  4  4  4  4  4  4  4]
threshold: 0.58687395
activities_idx [15, 12, 15, 15, 15, 15, 13, 4, 4, 4, 4, 4]
start [0, 3, 4, 5, 7, 8, 9, 11, 13, 14, 17, 18]
end [1, 4, 5, 6, 8, 9, 10, 12, 14, 15, 18, 19]
 vid_info:  ['6', 'datasets/12/Dashboard_user_id_35133_NoAudio_2.35133.449.468.MP4']
action_idx [15 15 15 12 12 12 15 12 12 15 12 12 12 15 15 12 12 15 15]
threshold: 0.71145076
activities_idx [12, 12, 15, 12, 12, 12, 15, 15, 12, 15]
start [3, 4, 6, 7, 11, 12, 13, 14, 15, 18]
end [4, 5, 7, 8, 12, 13, 14, 15, 16, 19]
 vid_info:  ['9', 'datasets/12/Dashboard_user_id_49381_NoAudio_0.49381.305.321.MP4']
action_idx [12 12 12 12 12 12 12 12 12 13 12 12 12 12 12]
threshold: 0.6376315
activities_idx [12, 12, 12, 12, 12, 12]
start [3, 4, 7, 11, 12, 13]
end [4, 5, 8, 12, 13, 14]
 vid_info:  ['10', 'datasets/12/Dashboard_user_id_49381_NoAudio_1.49381.313.330.MP4']
action_idx [ 7  7  7  7  7  7  7 12 12 12  7 12 12 12  7]
threshold: 0.6030775
activities_idx [7, 7, 7, 7, 12, 12, 12]
start [0, 3, 4, 5, 7, 8, 13]
end [1, 4, 5, 6, 8, 9, 14]
Summarization  datasets/video_ids_db12.csv [12, 12, 12, 12, 12, 12, 7, 7, 12, 12, 12, 12, 12, 12, 12, 12, 12, 12, 12, 12, 12, 12, 12, 12, 12, 12, 12, 7, 7, 7, 7, 7, 7, 7, 7, 7, 7, 7, 7, 7, 7, 7, 7, 7, 15, 12, 15, 15, 15, 15, 13, 4, 4, 4, 4, 4, 12, 12, 15, 12, 12, 12, 15, 15, 12, 15, 12, 12, 12, 12, 12, 12, 7, 7, 7, 7, 12, 12, 12]
video_ids_file  datasets/video_ids_db13.csv
{'Dashboard_User_id_24026_NoAudio_3.24026.395.417.MP4': ['2', 'datasets/13/Dashboard_User_id_24026_NoAudio_3.24026.395.417.MP4'], 'Dashboard_User_id_24026_NoAudio_4.24026.411.433.MP4': ['3', 'datasets/13/Dashboard_User_id_24026_NoAudio_4.24026.411.433.MP4'], 'Dashboard_User_id_38058_NoAudio_0.38508.569.586.MP4': ['6', 'datasets/13/Dashboard_User_id_38058_NoAudio_0.38508.569.586.MP4'], 'Dashboard_User_id_38058_NoAudio_1.38508.592.609.MP4': ['7', 'datasets/13/Dashboard_User_id_38058_NoAudio_1.38508.592.609.MP4'], 'Dashboard_user_id_24491_NoAudio_1.24491.45.54.MP4': ['1', 'datasets/13/Dashboard_user_id_24491_NoAudio_1.24491.45.54.MP4'], 'Dashboard_user_id_35133_NoAudio_0.35133.309.326.MP4': ['4', 'datasets/13/Dashboard_user_id_35133_NoAudio_0.35133.309.326.MP4'], 'Dashboard_user_id_35133_NoAudio_2.35133.246.262.MP4': ['5', 'datasets/13/Dashboard_user_id_35133_NoAudio_2.35133.246.262.MP4'], 'Dashboard_user_id_49381_NoAudio_0.49381.130.152.MP4': ['8', 'datasets/13/Dashboard_user_id_49381_NoAudio_0.49381.130.152.MP4'], 'Dashboard_user_id_49381_NoAudio_1.49381.139.161.MP4': ['9', 'datasets/13/Dashboard_user_id_49381_NoAudio_1.49381.139.161.MP4']}
path_to_checkpoint checkpoint_submit/checkpoint_epoch_dashboard_10018_85.71_98.76.pyth
load model x3d_l
epoch_reset False
cfg checkpoint_submit/checkpoint_epoch_dashboard_10018_85.71_98.76.pyth
path_to_checkpoint checkpoint_submit/checkpoint_epoch_dashboard_20018_73.75_97.50.pyth
load model x3d_l
epoch_reset False
cfg checkpoint_submit/checkpoint_epoch_dashboard_20018_73.75_97.50.pyth
path_to_checkpoint checkpoint_submit/checkpoint_epoch_dashboard_30014_78.12_95.62.pyth
load model x3d_l
epoch_reset False
cfg checkpoint_submit/checkpoint_epoch_dashboard_30014_78.12_95.62.pyth
path_to_checkpoint checkpoint_submit/checkpoint_epoch_dashboard_40017_81.88_99.38.pyth
load model x3d_l
epoch_reset False
cfg checkpoint_submit/checkpoint_epoch_dashboard_40017_81.88_99.38.pyth
path_to_checkpoint checkpoint_submit/checkpoint_epoch_dashboard_50012_83.33_97.02.pyth
load model x3d_l
epoch_reset False
cfg checkpoint_submit/checkpoint_epoch_dashboard_50012_83.33_97.02.pyth
datasets/13/Dashboard_User_id_24026_NoAudio_3.24026.395.417.MP4
fps: 30
8 4
datasets/13/Dashboard_User_id_24026_NoAudio_4.24026.411.433.MP4
fps: 30
8 4
datasets/13/Dashboard_User_id_38058_NoAudio_0.38508.569.586.MP4
fps: 30
8 4
datasets/13/Dashboard_User_id_38058_NoAudio_1.38508.592.609.MP4
fps: 30
8 4
datasets/13/Dashboard_user_id_24491_NoAudio_1.24491.45.54.MP4
fps: 30
8 4
datasets/13/Dashboard_user_id_35133_NoAudio_0.35133.309.326.MP4
fps: 30
8 4
datasets/13/Dashboard_user_id_35133_NoAudio_2.35133.246.262.MP4
fps: 30
8 4
datasets/13/Dashboard_user_id_49381_NoAudio_0.49381.130.152.MP4
fps: 30
8 4
datasets/13/Dashboard_user_id_49381_NoAudio_1.49381.139.161.MP4
fps: 30
8 4
 vid_info:  ['2', 'datasets/13/Dashboard_User_id_24026_NoAudio_3.24026.395.417.MP4']
action_idx [ 1  3 13 13  4 13 13 13]
threshold: 0.47835177
activities_idx [3, 13, 13, 13]
start [1, 2, 5, 6]
end [2, 3, 6, 7]
 vid_info:  ['3', 'datasets/13/Dashboard_User_id_24026_NoAudio_4.24026.411.433.MP4']
action_idx [13 13 12 12 12 12 13 13 13 13 14 14 14 13 13 12 12 12 12 12]
threshold: 0.6134062
activities_idx [13, 12, 13, 13, 13, 14, 14, 13, 12, 12, 12, 12]
start [1, 2, 6, 8, 9, 10, 11, 14, 15, 16, 17, 18]
end [2, 3, 7, 9, 10, 11, 12, 15, 16, 17, 18, 19]
 vid_info:  ['6', 'datasets/13/Dashboard_User_id_38058_NoAudio_0.38508.569.586.MP4']
action_idx [ 0 13 13  7  7  7 14 12 12 13 12 12 12 12 12 12 12 12 12 12]
threshold: 0.64064085
activities_idx [0, 13, 13, 12, 12, 12, 12, 12, 12, 12, 12]
start [0, 2, 9, 11, 12, 13, 14, 15, 16, 17, 18]
end [1, 3, 10, 12, 13, 14, 15, 16, 17, 18, 19]
 vid_info:  ['7', 'datasets/13/Dashboard_User_id_38058_NoAudio_1.38508.592.609.MP4']
action_idx [13 14 14  1  7  7 14 13 13  7  7 14 14  7  7]
threshold: 0.46278346
activities_idx [13, 14, 7, 14, 13, 7, 7, 7]
start [0, 2, 5, 6, 8, 9, 13, 14]
end [1, 3, 6, 7, 9, 10, 14, 15]
 vid_info:  ['1', 'datasets/13/Dashboard_user_id_24491_NoAudio_1.24491.45.54.MP4']
action_idx [ 8  1 13 13 13 13  1  7 13 13  1 13 13 13  7]
threshold: 0.4679088
activities_idx [1, 13, 13, 13, 13]
start [1, 8, 9, 11, 12]
end [2, 9, 10, 12, 13]
 vid_info:  ['4', 'datasets/13/Dashboard_user_id_35133_NoAudio_0.35133.309.326.MP4']
action_idx [13 13 13  4  4 13 13 13  4  4 13  4  4  4  4]
threshold: 0.69896483
activities_idx [13, 13, 13, 13, 13, 4, 4, 4]
start [0, 2, 5, 6, 7, 12, 13, 14]
end [1, 3, 6, 7, 8, 13, 14, 15]
 vid_info:  ['5', 'datasets/13/Dashboard_user_id_35133_NoAudio_2.35133.246.262.MP4']
action_idx [13 13 13 13 13 13 13 13 13 13  4 13 13 13 13]
threshold: 0.57023793
activities_idx [13, 13, 13, 13, 13, 13, 13, 13, 13]
start [0, 1, 2, 3, 4, 6, 7, 11, 12]
end [1, 2, 3, 4, 5, 7, 8, 12, 13]
 vid_info:  ['8', 'datasets/13/Dashboard_user_id_49381_NoAudio_0.49381.130.152.MP4']
action_idx [13 13 13 13 13 13 13 13 13 13  1 13  7  7 13 13 13 13 13 13]
threshold: 0.59464407
activities_idx [13, 13, 13, 13, 13, 13, 13, 13, 7, 13, 13]
start [0, 3, 4, 5, 6, 7, 8, 9, 13, 17, 19]
end [1, 4, 5, 6, 7, 8, 9, 10, 14, 18, 20]
 vid_info:  ['9', 'datasets/13/Dashboard_user_id_49381_NoAudio_1.49381.139.161.MP4']
action_idx [13 13 13 13  7 14  7  7  7  7  7  1 13  1  1 13  1 13 13  1]
threshold: 0.4540833
activities_idx [13, 13, 7, 7, 7, 7, 13, 1, 1, 1, 1]
start [0, 3, 7, 8, 9, 10, 12, 13, 14, 16, 19]
end [1, 4, 8, 9, 10, 11, 13, 14, 15, 17, 20]
Summarization  datasets/video_ids_db13.csv [3, 13, 13, 13, 13, 12, 13, 13, 13, 14, 14, 13, 12, 12, 12, 12, 0, 13, 13, 12, 12, 12, 12, 12, 12, 12, 12, 13, 14, 7, 14, 13, 7, 7, 7, 1, 13, 13, 13, 13, 13, 13, 13, 13, 13, 4, 4, 4, 13, 13, 13, 13, 13, 13, 13, 13, 13, 13, 13, 13, 13, 13, 13, 13, 13, 7, 13, 13, 13, 13, 7, 7, 7, 7, 13, 1, 1, 1, 1]
video_ids_file  datasets/video_ids_db14.csv
{'Dashboard_User_id_24026_NoAudio_3.24026.427.445.MP4': ['3', 'datasets/14/Dashboard_User_id_24026_NoAudio_3.24026.427.445.MP4'], 'Dashboard_User_id_24026_NoAudio_4.24026.443.461.MP4': ['4', 'datasets/14/Dashboard_User_id_24026_NoAudio_4.24026.443.461.MP4'], 'Dashboard_User_id_38058_NoAudio_0.38508.444.468.MP4': ['7', 'datasets/14/Dashboard_User_id_38058_NoAudio_0.38508.444.468.MP4'], 'Dashboard_User_id_38058_NoAudio_1.38508.467.491.MP4': ['8', 'datasets/14/Dashboard_User_id_38058_NoAudio_1.38508.467.491.MP4'], 'Dashboard_user_id_24491_NoAudio_0.24491.358.386.MP4': ['1', 'datasets/14/Dashboard_user_id_24491_NoAudio_0.24491.358.386.MP4'], 'Dashboard_user_id_24491_NoAudio_1.24491.262.274.MP4': ['2', 'datasets/14/Dashboard_user_id_24491_NoAudio_1.24491.262.274.MP4'], 'Dashboard_user_id_35133_NoAudio_0.35133.185.203.MP4': ['5', 'datasets/14/Dashboard_user_id_35133_NoAudio_0.35133.185.203.MP4'], 'Dashboard_user_id_35133_NoAudio_2.35133.121.138.MP4': ['6', 'datasets/14/Dashboard_user_id_35133_NoAudio_2.35133.121.138.MP4'], 'Dashboard_user_id_49381_NoAudio_0.49381.331.348.MP4': ['9', 'datasets/14/Dashboard_user_id_49381_NoAudio_0.49381.331.348.MP4'], 'Dashboard_user_id_49381_NoAudio_1.49381.340.357.MP4': ['10', 'datasets/14/Dashboard_user_id_49381_NoAudio_1.49381.340.357.MP4']}
path_to_checkpoint checkpoint_submit/checkpoint_epoch_dashboard_10018_85.71_98.76.pyth
load model x3d_l
epoch_reset False
cfg checkpoint_submit/checkpoint_epoch_dashboard_10018_85.71_98.76.pyth
path_to_checkpoint checkpoint_submit/checkpoint_epoch_dashboard_20018_73.75_97.50.pyth
load model x3d_l
epoch_reset False
cfg checkpoint_submit/checkpoint_epoch_dashboard_20018_73.75_97.50.pyth
path_to_checkpoint checkpoint_submit/checkpoint_epoch_dashboard_30014_78.12_95.62.pyth
load model x3d_l
epoch_reset False
cfg checkpoint_submit/checkpoint_epoch_dashboard_30014_78.12_95.62.pyth
path_to_checkpoint checkpoint_submit/checkpoint_epoch_dashboard_40017_81.88_99.38.pyth
load model x3d_l
epoch_reset False
cfg checkpoint_submit/checkpoint_epoch_dashboard_40017_81.88_99.38.pyth
path_to_checkpoint checkpoint_submit/checkpoint_epoch_dashboard_50012_83.33_97.02.pyth
load model x3d_l
epoch_reset False
cfg checkpoint_submit/checkpoint_epoch_dashboard_50012_83.33_97.02.pyth
datasets/14/Dashboard_User_id_24026_NoAudio_3.24026.427.445.MP4
fps: 30
8 4
datasets/14/Dashboard_User_id_24026_NoAudio_4.24026.443.461.MP4
fps: 30
8 4
datasets/14/Dashboard_User_id_38058_NoAudio_0.38508.444.468.MP4
fps: 30
8 4
datasets/14/Dashboard_User_id_38058_NoAudio_1.38508.467.491.MP4
fps: 30
8 4
datasets/14/Dashboard_user_id_24491_NoAudio_0.24491.358.386.MP4
fps: 30
8 4
datasets/14/Dashboard_user_id_24491_NoAudio_1.24491.262.274.MP4
fps: 30
8 4
datasets/14/Dashboard_user_id_35133_NoAudio_0.35133.185.203.MP4
fps: 30
8 4
datasets/14/Dashboard_user_id_35133_NoAudio_2.35133.121.138.MP4
fps: 30
8 4
datasets/14/Dashboard_user_id_49381_NoAudio_0.49381.331.348.MP4
fps: 30
8 4
datasets/14/Dashboard_user_id_49381_NoAudio_1.49381.340.357.MP4
fps: 30
8 4
 vid_info:  ['3', 'datasets/14/Dashboard_User_id_24026_NoAudio_3.24026.427.445.MP4']
action_idx [ 7  7  7 15  7 14 14 14  8 14  8 14  8 14 14 14 14 14 14 14 14 14 14 14
 14 14]
threshold: 0.22678798
activities_idx [7, 7, 7, 15, 7, 14, 14]
start [0, 1, 2, 3, 4, 5, 6]
end [1, 2, 3, 4, 5, 6, 7]
 vid_info:  ['4', 'datasets/14/Dashboard_User_id_24026_NoAudio_4.24026.443.461.MP4']
action_idx [ 1  7 15 14 14 14 14 14  8 14  8]
threshold: 0.38576812
activities_idx [1, 15, 14, 14]
start [0, 2, 4, 5]
end [1, 3, 5, 6]
 vid_info:  ['7', 'datasets/14/Dashboard_User_id_38058_NoAudio_0.38508.444.468.MP4']
action_idx [14  7  7  7  7  7  7 14 14  7  7  7  7  7  7  7]
threshold: 0.45001107
activities_idx [14, 7, 7, 7, 7, 7, 7, 7, 7, 7]
start [0, 1, 3, 6, 10, 11, 12, 13, 14, 15]
end [1, 2, 4, 7, 11, 12, 13, 14, 15, 16]
 vid_info:  ['8', 'datasets/14/Dashboard_User_id_38058_NoAudio_1.38508.467.491.MP4']
action_idx [ 0  7  7  7  7 14 14 14 14 14 14 14 14  7 14 14]
threshold: 0.45475513
activities_idx [0, 7, 7, 14, 14, 14, 14, 14, 14, 14]
start [0, 1, 4, 6, 7, 8, 9, 10, 11, 15]
end [1, 2, 5, 7, 8, 9, 10, 11, 12, 16]
 vid_info:  ['1', 'datasets/14/Dashboard_user_id_24491_NoAudio_0.24491.358.386.MP4']
action_idx [14 14  7  7 14 14 14 14 14 14 14 14 14 14 14 14]
threshold: 0.52506566
activities_idx [7, 7, 14, 14, 14, 14]
start [2, 3, 8, 10, 13, 14]
end [3, 4, 9, 11, 14, 15]
 vid_info:  ['2', 'datasets/14/Dashboard_user_id_24491_NoAudio_1.24491.262.274.MP4']
action_idx [ 7  7  7 14 14 14 14  7  7  7 10  7  8  8 14]
threshold: 0.34552398
activities_idx [7, 14, 7, 7, 8, 8]
start [1, 4, 7, 8, 12, 13]
end [2, 5, 8, 9, 13, 14]
 vid_info:  ['5', 'datasets/14/Dashboard_user_id_35133_NoAudio_0.35133.185.203.MP4']
action_idx [15 14 14 14 14 12 14 14 14 13 13 14  2 14 14 12 15 14  4  4  4  4]
threshold: 0.33677074
activities_idx [15, 14, 14, 14, 4, 4, 4]
start [0, 1, 2, 3, 19, 20, 21]
end [1, 2, 3, 4, 20, 21, 22]
 vid_info:  ['6', 'datasets/14/Dashboard_user_id_35133_NoAudio_2.35133.121.138.MP4']
action_idx [14 14 14 14 14 14 14 14 14 14  6 14  6 14 14  6 14 14 14 14 14 14]
threshold: 0.6875187
activities_idx [14, 14, 14, 14, 14, 14, 14, 14, 14, 14, 14, 14, 14]
start [0, 1, 2, 3, 4, 5, 6, 7, 8, 17, 18, 20, 21]
end [1, 2, 3, 4, 5, 6, 7, 8, 9, 18, 19, 21, 22]
 vid_info:  ['9', 'datasets/14/Dashboard_user_id_49381_NoAudio_0.49381.331.348.MP4']
action_idx [7 7 7 8 8 8 8 8 8 8 8 8 8 8 8]
threshold: 0.44566974
activities_idx [7, 7, 7, 8, 8, 8, 8]
start [0, 1, 2, 4, 10, 11, 12]
end [1, 2, 3, 5, 11, 12, 13]
 vid_info:  ['10', 'datasets/14/Dashboard_user_id_49381_NoAudio_1.49381.340.357.MP4']
action_idx [7 8 8 8 8 8 8 8 8 8 8 8 8 8 8]
threshold: 0.451774
activities_idx [8, 8, 8, 8, 8, 8, 8, 8, 8, 8]
start [5, 6, 7, 8, 9, 10, 11, 12, 13, 14]
end [6, 7, 8, 9, 10, 11, 12, 13, 14, 15]
Summarization  datasets/video_ids_db14.csv [7, 7, 7, 15, 7, 14, 14, 1, 15, 14, 14, 14, 7, 7, 7, 7, 7, 7, 7, 7, 7, 0, 7, 7, 14, 14, 14, 14, 14, 14, 14, 7, 7, 14, 14, 14, 14, 7, 14, 7, 7, 8, 8, 15, 14, 14, 14, 4, 4, 4, 14, 14, 14, 14, 14, 14, 14, 14, 14, 14, 14, 14, 14, 7, 7, 7, 8, 8, 8, 8, 8, 8, 8, 8, 8, 8, 8, 8, 8, 8]
